[ 2017-04-16T22:56:59+08:00 ] ::1 /backsign/
INFO: [ app_init ] --START--
INFO: Run Behavior\BuildLiteBehavior [ RunTime:0.000000s ]
INFO: [ app_init ] --END-- [ RunTime:0.001000s ]
INFO: [ app_begin ] --START--
INFO: Run Behavior\ReadHtmlCacheBehavior [ RunTime:0.003000s ]
INFO: [ app_begin ] --END-- [ RunTime:0.003000s ]

[ 2017-04-16T22:58:02+08:00 ] ::1 /backsign/index.php/Home/Login/login
INFO: [ app_init ] --START--
INFO: Run Behavior\BuildLiteBehavior [ RunTime:0.000000s ]
INFO: [ app_init ] --END-- [ RunTime:0.001000s ]
INFO: [ app_begin ] --START--
INFO: Run Behavior\ReadHtmlCacheBehavior [ RunTime:0.003000s ]
INFO: [ app_begin ] --END-- [ RunTime:0.003000s ]
NOTIC: [8] A session had already been started - ignoring session_start() E:\xampp\htdocs\backsign\Application\Home\Controller\LoginController.class.php 第 8 行.
SQL: select * from userinfor where token='' [ RunTime:0.0560s ]

[ 2017-04-16T23:08:18+08:00 ] ::1 /backsign/index.php/Home/Login/login
INFO: [ app_init ] --START--
INFO: Run Behavior\BuildLiteBehavior [ RunTime:0.000000s ]
INFO: [ app_init ] --END-- [ RunTime:0.001000s ]
INFO: [ app_begin ] --START--
INFO: Run Behavior\ReadHtmlCacheBehavior [ RunTime:0.002000s ]
INFO: [ app_begin ] --END-- [ RunTime:0.002000s ]
NOTIC: [8] A session had already been started - ignoring session_start() E:\xampp\htdocs\backsign\Application\Home\Controller\LoginController.class.php 第 7 行.
SQL: select * from sign_user where user_phone='18408245117' or user_id='18408245117' [ RunTime:0.0480s ]

[ 2017-04-16T23:08:36+08:00 ] ::1 /backsign/index.php/Home/Login/login
INFO: [ app_init ] --START--
INFO: Run Behavior\BuildLiteBehavior [ RunTime:0.000000s ]
INFO: [ app_init ] --END-- [ RunTime:0.001000s ]
INFO: [ app_begin ] --START--
INFO: Run Behavior\ReadHtmlCacheBehavior [ RunTime:0.002000s ]
INFO: [ app_begin ] --END-- [ RunTime:0.002000s ]
NOTIC: [8] A session had already been started - ignoring session_start() E:\xampp\htdocs\backsign\Application\Home\Controller\LoginController.class.php 第 7 行.
SQL: select * from sign_user where user_phone='18408245117' or user_id='18408245117' [ RunTime:0.0520s ]

[ 2017-04-16T23:08:58+08:00 ] ::1 /backsign/index.php/Home/Login/login
INFO: [ app_init ] --START--
INFO: Run Behavior\BuildLiteBehavior [ RunTime:0.000000s ]
INFO: [ app_init ] --END-- [ RunTime:0.002000s ]
INFO: [ app_begin ] --START--
INFO: Run Behavior\ReadHtmlCacheBehavior [ RunTime:0.004000s ]
INFO: [ app_begin ] --END-- [ RunTime:0.005000s ]
NOTIC: [8] A session had already been started - ignoring session_start() E:\xampp\htdocs\backsign\Application\Home\Controller\LoginController.class.php 第 7 行.
SQL: select * from sign_user where user_phone='18408241456' or user_id='18408241456' [ RunTime:0.0560s ]

[ 2017-04-16T23:09:26+08:00 ] ::1 /backsign/index.php/Home/Login/login
INFO: [ app_init ] --START--
INFO: Run Behavior\BuildLiteBehavior [ RunTime:0.000000s ]
INFO: [ app_init ] --END-- [ RunTime:0.001000s ]
INFO: [ app_begin ] --START--
INFO: Run Behavior\ReadHtmlCacheBehavior [ RunTime:0.002000s ]
INFO: [ app_begin ] --END-- [ RunTime:0.003001s ]
NOTIC: [8] A session had already been started - ignoring session_start() E:\xampp\htdocs\backsign\Application\Home\Controller\LoginController.class.php 第 7 行.
SQL: select * from sign_user where user_phone='18408245117' or user_id='18408245117' [ RunTime:0.0480s ]
ERR: 1064:You have an error in your SQL syntax; check the manual that corresponds to your MySQL server version for the right syntax to use near 'user_phone='18408245117' or user_id='18408245117'' at line 1
 [ SQL语句 ] : update sign_user set token='2b75cef81ebd9c278c2613948b70d1b0' user_phone='18408245117' or user_id='18408245117'
ERR: 1064:You have an error in your SQL syntax; check the manual that corresponds to your MySQL server version for the right syntax to use near 'user_phone='18408245117' or user_id='18408245117'' at line 1
 [ SQL语句 ] : update sign_user set token='2b75cef81ebd9c278c2613948b70d1b0' user_phone='18408245117' or user_id='18408245117'

[ 2017-04-16T23:09:56+08:00 ] ::1 /backsign/index.php/Home/Login/login
INFO: [ app_init ] --START--
INFO: Run Behavior\BuildLiteBehavior [ RunTime:0.000000s ]
INFO: [ app_init ] --END-- [ RunTime:0.001000s ]
INFO: [ app_begin ] --START--
INFO: Run Behavior\ReadHtmlCacheBehavior [ RunTime:0.001000s ]
INFO: [ app_begin ] --END-- [ RunTime:0.002000s ]
NOTIC: [8] A session had already been started - ignoring session_start() E:\xampp\htdocs\backsign\Application\Home\Controller\LoginController.class.php 第 7 行.
SQL: select * from sign_user where user_phone='18408245117' or user_id='18408245117' [ RunTime:0.0510s ]
SQL: update sign_user set token='2b75cef81ebd9c278c2613948b70d1b0' where user_phone='18408245117' or user_id='18408245117' [ RunTime:0.0510s ]

[ 2017-04-16T23:10:23+08:00 ] ::1 /backsign/index.php/Home/Login/login
INFO: [ app_init ] --START--
INFO: Run Behavior\BuildLiteBehavior [ RunTime:0.000000s ]
INFO: [ app_init ] --END-- [ RunTime:0.001000s ]
INFO: [ app_begin ] --START--
INFO: Run Behavior\ReadHtmlCacheBehavior [ RunTime:0.002001s ]
INFO: [ app_begin ] --END-- [ RunTime:0.002001s ]
NOTIC: [8] A session had already been started - ignoring session_start() E:\xampp\htdocs\backsign\Application\Home\Controller\LoginController.class.php 第 7 行.
SQL: select * from sign_user where user_phone='18408245117' or user_id='18408245117' [ RunTime:0.0650s ]
SQL: update sign_user set token='2b75cef81ebd9c278c2613948b70d1b0' where user_phone='18408245117' or user_id='18408245117' [ RunTime:0.0640s ]

[ 2017-04-16T23:10:47+08:00 ] ::1 /backsign/index.php/Home/Login/login
INFO: [ app_init ] --START--
INFO: Run Behavior\BuildLiteBehavior [ RunTime:0.000000s ]
INFO: [ app_init ] --END-- [ RunTime:0.001000s ]
INFO: [ app_begin ] --START--
INFO: Run Behavior\ReadHtmlCacheBehavior [ RunTime:0.002000s ]
INFO: [ app_begin ] --END-- [ RunTime:0.002000s ]
NOTIC: [8] A session had already been started - ignoring session_start() E:\xampp\htdocs\backsign\Application\Home\Controller\LoginController.class.php 第 7 行.
SQL: select * from sign_user where user_phone='3120130905308' or user_id='3120130905308' [ RunTime:0.0490s ]

[ 2017-04-16T23:11:02+08:00 ] ::1 /backsign/index.php/Home/Login/login
INFO: [ app_init ] --START--
INFO: Run Behavior\BuildLiteBehavior [ RunTime:0.000000s ]
INFO: [ app_init ] --END-- [ RunTime:0.002000s ]
INFO: [ app_begin ] --START--
INFO: Run Behavior\ReadHtmlCacheBehavior [ RunTime:0.002000s ]
INFO: [ app_begin ] --END-- [ RunTime:0.002000s ]
NOTIC: [8] A session had already been started - ignoring session_start() E:\xampp\htdocs\backsign\Application\Home\Controller\LoginController.class.php 第 7 行.
SQL: select * from sign_user where user_phone='3120130905123' or user_id='3120130905123' [ RunTime:0.0490s ]
SQL: update sign_user set token='1f192efe1beeef1a18272c3a0f1da68d' where user_phone='3120130905123' or user_id='3120130905123' [ RunTime:0.0520s ]

[ 2017-04-16T23:11:33+08:00 ] ::1 /backsign/index.php/Home/Login/login
INFO: [ app_init ] --START--
INFO: Run Behavior\BuildLiteBehavior [ RunTime:0.000000s ]
INFO: [ app_init ] --END-- [ RunTime:0.001000s ]
INFO: [ app_begin ] --START--
INFO: Run Behavior\ReadHtmlCacheBehavior [ RunTime:0.002000s ]
INFO: [ app_begin ] --END-- [ RunTime:0.002000s ]
NOTIC: [8] A session had already been started - ignoring session_start() E:\xampp\htdocs\backsign\Application\Home\Controller\LoginController.class.php 第 7 行.
SQL: select * from sign_user where user_phone='18408245117' or user_id='18408245117' [ RunTime:0.0470s ]
SQL: update sign_user set token='2b75cef81ebd9c278c2613948b70d1b0' where user_phone='18408245117' or user_id='18408245117' [ RunTime:0.0500s ]

