[ 2017-04-17T00:26:22+08:00 ] 192.168.0.100 /backsign/index.php/Home/Login/login
INFO: [ app_init ] --START--
INFO: Run Behavior\BuildLiteBehavior [ RunTime:0.000000s ]
INFO: [ app_init ] --END-- [ RunTime:0.001000s ]
INFO: [ app_begin ] --START--
INFO: Run Behavior\ReadHtmlCacheBehavior [ RunTime:0.037002s ]
INFO: [ app_begin ] --END-- [ RunTime:0.037002s ]
NOTIC: [8] A session had already been started - ignoring session_start() E:\xampp\htdocs\backsign\Application\Home\Controller\LoginController.class.php 第 7 行.
SQL: select * from sign_user where user_phone='3120130905123' or user_id='3120130905123' [ RunTime:0.0624s ]
SQL: update sign_user set token='1f192efe1beeef1a18272c3a0f1da68d' where user_phone='3120130905123' or user_id='3120130905123' [ RunTime:0.0624s ]

[ 2017-04-17T00:27:25+08:00 ] 192.168.0.103 /backsign/index.php/Home/Login/login
INFO: [ app_init ] --START--
INFO: Run Behavior\BuildLiteBehavior [ RunTime:0.000000s ]
INFO: [ app_init ] --END-- [ RunTime:0.000000s ]
INFO: [ app_begin ] --START--
INFO: Run Behavior\ReadHtmlCacheBehavior [ RunTime:0.003000s ]
INFO: [ app_begin ] --END-- [ RunTime:0.003000s ]
NOTIC: [8] A session had already been started - ignoring session_start() E:\xampp\htdocs\backsign\Application\Home\Controller\LoginController.class.php 第 7 行.
SQL: select * from sign_user where user_phone='18408245117' or user_id='18408245117' [ RunTime:0.0476s ]
SQL: update sign_user set token='2b75cef81ebd9c278c2613948b70d1b0' where user_phone='18408245117' or user_id='18408245117' [ RunTime:0.0546s ]

[ 2017-04-17T00:28:05+08:00 ] 192.168.0.103 /backsign/index.php/Home/Login/login
INFO: [ app_init ] --START--
INFO: Run Behavior\BuildLiteBehavior [ RunTime:0.000000s ]
INFO: [ app_init ] --END-- [ RunTime:0.000000s ]
INFO: [ app_begin ] --START--
INFO: Run Behavior\ReadHtmlCacheBehavior [ RunTime:0.000000s ]
INFO: [ app_begin ] --END-- [ RunTime:0.000000s ]
NOTIC: [8] A session had already been started - ignoring session_start() E:\xampp\htdocs\backsign\Application\Home\Controller\LoginController.class.php 第 7 行.
SQL: select * from sign_user where user_phone='18408245117' or user_id='18408245117' [ RunTime:0.0468s ]
SQL: update sign_user set token='2b75cef81ebd9c278c2613948b70d1b0' where user_phone='18408245117' or user_id='18408245117' [ RunTime:0.0644s ]

[ 2017-04-17T00:41:34+08:00 ] 192.168.0.103 /backsign/index.php/Home/Login/login
INFO: [ app_init ] --START--
INFO: Run Behavior\BuildLiteBehavior [ RunTime:0.000000s ]
INFO: [ app_init ] --END-- [ RunTime:0.000000s ]
INFO: [ app_begin ] --START--
INFO: Run Behavior\ReadHtmlCacheBehavior [ RunTime:0.000000s ]
INFO: [ app_begin ] --END-- [ RunTime:0.000000s ]
NOTIC: [8] A session had already been started - ignoring session_start() E:\xampp\htdocs\backsign\Application\Home\Controller\LoginController.class.php 第 7 行.
SQL: select * from sign_user where user_phone='18408245117' or user_id='18408245117' [ RunTime:0.0624s ]
SQL: update sign_user set token='2b75cef81ebd9c278c2613948b70d1b0' where user_phone='18408245117' or user_id='18408245117' [ RunTime:0.0624s ]

[ 2017-04-17T00:41:41+08:00 ] 192.168.0.103 /backsign/index.php/Home/Login/login
INFO: [ app_init ] --START--
INFO: Run Behavior\BuildLiteBehavior [ RunTime:0.000000s ]
INFO: [ app_init ] --END-- [ RunTime:0.000000s ]
INFO: [ app_begin ] --START--
INFO: Run Behavior\ReadHtmlCacheBehavior [ RunTime:0.000000s ]
INFO: [ app_begin ] --END-- [ RunTime:0.000000s ]
NOTIC: [8] A session had already been started - ignoring session_start() E:\xampp\htdocs\backsign\Application\Home\Controller\LoginController.class.php 第 7 行.
SQL: select * from sign_user where user_phone='18408245117' or user_id='18408245117' [ RunTime:0.0624s ]
SQL: update sign_user set token='2b75cef81ebd9c278c2613948b70d1b0' where user_phone='18408245117' or user_id='18408245117' [ RunTime:0.0624s ]

[ 2017-04-17T00:42:02+08:00 ] 192.168.0.103 /backsign/index.php/Home/Login/login
INFO: [ app_init ] --START--
INFO: Run Behavior\BuildLiteBehavior [ RunTime:0.000000s ]
INFO: [ app_init ] --END-- [ RunTime:0.000000s ]
INFO: [ app_begin ] --START--
INFO: Run Behavior\ReadHtmlCacheBehavior [ RunTime:0.015600s ]
INFO: [ app_begin ] --END-- [ RunTime:0.015600s ]
NOTIC: [8] A session had already been started - ignoring session_start() E:\xampp\htdocs\backsign\Application\Home\Controller\LoginController.class.php 第 7 行.
SQL: select * from sign_user where user_phone='18408245117' or user_id='18408245117' [ RunTime:0.0624s ]
SQL: update sign_user set token='2b75cef81ebd9c278c2613948b70d1b0' where user_phone='18408245117' or user_id='18408245117' [ RunTime:0.0468s ]

[ 2017-04-17T00:42:58+08:00 ] 192.168.0.103 /backsign/index.php/Home/Login/login
INFO: [ app_init ] --START--
INFO: Run Behavior\BuildLiteBehavior [ RunTime:0.000000s ]
INFO: [ app_init ] --END-- [ RunTime:0.000000s ]
INFO: [ app_begin ] --START--
INFO: Run Behavior\ReadHtmlCacheBehavior [ RunTime:0.000000s ]
INFO: [ app_begin ] --END-- [ RunTime:0.000000s ]
NOTIC: [8] A session had already been started - ignoring session_start() E:\xampp\htdocs\backsign\Application\Home\Controller\LoginController.class.php 第 7 行.
SQL: select * from sign_user where user_phone='18408245117' or user_id='18408245117' [ RunTime:0.0468s ]
SQL: update sign_user set token='2b75cef81ebd9c278c2613948b70d1b0' where user_phone='18408245117' or user_id='18408245117' [ RunTime:0.0624s ]

[ 2017-04-17T00:46:36+08:00 ] ::1 /backsign/index.php/Home/Login/login
INFO: [ app_init ] --START--
INFO: Run Behavior\BuildLiteBehavior [ RunTime:0.000000s ]
INFO: [ app_init ] --END-- [ RunTime:0.002500s ]
INFO: [ app_begin ] --START--
INFO: Run Behavior\ReadHtmlCacheBehavior [ RunTime:0.000000s ]
INFO: [ app_begin ] --END-- [ RunTime:0.000000s ]
NOTIC: [8] A session had already been started - ignoring session_start() E:\xampp\htdocs\backsign\Application\Home\Controller\LoginController.class.php 第 7 行.
INFO: [ app_end ] --START--
INFO: Run Behavior\ShowPageTraceBehavior [ RunTime:0.015000s ]
INFO: [ app_end ] --END-- [ RunTime:0.017500s ]

[ 2017-04-17T00:46:46+08:00 ] ::1 /backsign/index.php/Home/Login/login
INFO: [ app_init ] --START--
INFO: Run Behavior\BuildLiteBehavior [ RunTime:0.000000s ]
INFO: [ app_init ] --END-- [ RunTime:0.000000s ]
INFO: [ app_begin ] --START--
INFO: Run Behavior\ReadHtmlCacheBehavior [ RunTime:0.002500s ]
INFO: [ app_begin ] --END-- [ RunTime:0.002500s ]
NOTIC: [8] A session had already been started - ignoring session_start() E:\xampp\htdocs\backsign\Application\Home\Controller\LoginController.class.php 第 7 行.
INFO: [ app_end ] --START--
INFO: Run Behavior\ShowPageTraceBehavior [ RunTime:0.002500s ]
INFO: [ app_end ] --END-- [ RunTime:0.002500s ]

[ 2017-04-17T00:47:02+08:00 ] 127.0.0.1 /backsign/index.php/Home/Login/login
INFO: [ app_init ] --START--
INFO: Run Behavior\BuildLiteBehavior [ RunTime:0.000000s ]
INFO: [ app_init ] --END-- [ RunTime:0.000000s ]
INFO: [ app_begin ] --START--
INFO: Run Behavior\ReadHtmlCacheBehavior [ RunTime:0.000000s ]
INFO: [ app_begin ] --END-- [ RunTime:0.000000s ]
NOTIC: [8] A session had already been started - ignoring session_start() E:\xampp\htdocs\backsign\Application\Home\Controller\LoginController.class.php 第 7 行.
SQL: select * from sign_user where user_phone='18408245117' or user_id='18408245117' [ RunTime:0.0468s ]
SQL: update sign_user set token='2b75cef81ebd9c278c2613948b70d1b0' where user_phone='18408245117' or user_id='18408245117' [ RunTime:0.0468s ]

[ 2017-04-17T00:49:23+08:00 ] 127.0.0.1 /backsign/index.php/Home/Login/login
INFO: [ app_init ] --START--
INFO: Run Behavior\BuildLiteBehavior [ RunTime:0.000000s ]
INFO: [ app_init ] --END-- [ RunTime:0.000000s ]
INFO: [ app_begin ] --START--
INFO: Run Behavior\ReadHtmlCacheBehavior [ RunTime:0.000000s ]
INFO: [ app_begin ] --END-- [ RunTime:0.000000s ]
NOTIC: [8] A session had already been started - ignoring session_start() E:\xampp\htdocs\backsign\Application\Home\Controller\LoginController.class.php 第 7 行.
SQL: select * from sign_user where user_phone='456789' or user_id='456789' [ RunTime:0.0540s ]

[ 2017-04-17T00:49:44+08:00 ] 192.168.0.103 /backsign/index.php/Home/Login/login
INFO: [ app_init ] --START--
INFO: Run Behavior\BuildLiteBehavior [ RunTime:0.000000s ]
INFO: [ app_init ] --END-- [ RunTime:0.000000s ]
INFO: [ app_begin ] --START--
INFO: Run Behavior\ReadHtmlCacheBehavior [ RunTime:0.000000s ]
INFO: [ app_begin ] --END-- [ RunTime:0.000000s ]
NOTIC: [8] A session had already been started - ignoring session_start() E:\xampp\htdocs\backsign\Application\Home\Controller\LoginController.class.php 第 7 行.
SQL: select * from sign_user where user_phone='ffh' or user_id='ffh' [ RunTime:0.0602s ]

[ 2017-04-17T00:49:56+08:00 ] 192.168.0.103 /backsign/index.php/Home/Login/login
INFO: [ app_init ] --START--
INFO: Run Behavior\BuildLiteBehavior [ RunTime:0.000000s ]
INFO: [ app_init ] --END-- [ RunTime:0.000000s ]
INFO: [ app_begin ] --START--
INFO: Run Behavior\ReadHtmlCacheBehavior [ RunTime:0.000000s ]
INFO: [ app_begin ] --END-- [ RunTime:0.015600s ]
NOTIC: [8] A session had already been started - ignoring session_start() E:\xampp\htdocs\backsign\Application\Home\Controller\LoginController.class.php 第 7 行.
SQL: select * from sign_user where user_phone='ffh' or user_id='ffh' [ RunTime:0.0624s ]

[ 2017-04-17T00:49:57+08:00 ] 192.168.0.103 /backsign/index.php/Home/Login/login
INFO: [ app_init ] --START--
INFO: Run Behavior\BuildLiteBehavior [ RunTime:0.000000s ]
INFO: [ app_init ] --END-- [ RunTime:0.000000s ]
INFO: [ app_begin ] --START--
INFO: Run Behavior\ReadHtmlCacheBehavior [ RunTime:0.000000s ]
INFO: [ app_begin ] --END-- [ RunTime:0.000000s ]
NOTIC: [8] A session had already been started - ignoring session_start() E:\xampp\htdocs\backsign\Application\Home\Controller\LoginController.class.php 第 7 行.
SQL: select * from sign_user where user_phone='ffh' or user_id='ffh' [ RunTime:0.0624s ]

[ 2017-04-17T00:50:20+08:00 ] 192.168.0.103 /backsign/index.php/Home/Login/login
INFO: [ app_init ] --START--
INFO: Run Behavior\BuildLiteBehavior [ RunTime:0.000000s ]
INFO: [ app_init ] --END-- [ RunTime:0.000000s ]
INFO: [ app_begin ] --START--
INFO: Run Behavior\ReadHtmlCacheBehavior [ RunTime:0.002000s ]
INFO: [ app_begin ] --END-- [ RunTime:0.002000s ]
NOTIC: [8] A session had already been started - ignoring session_start() E:\xampp\htdocs\backsign\Application\Home\Controller\LoginController.class.php 第 7 行.
SQL: select * from sign_user where user_phone='ffh' or user_id='ffh' [ RunTime:0.0624s ]

[ 2017-04-17T00:53:25+08:00 ] 192.168.0.103 /backsign/index.php/Home/Login/login
INFO: [ app_init ] --START--
INFO: Run Behavior\BuildLiteBehavior [ RunTime:0.000000s ]
INFO: [ app_init ] --END-- [ RunTime:0.000000s ]
INFO: [ app_begin ] --START--
INFO: Run Behavior\ReadHtmlCacheBehavior [ RunTime:0.000000s ]
INFO: [ app_begin ] --END-- [ RunTime:0.000000s ]
NOTIC: [8] A session had already been started - ignoring session_start() E:\xampp\htdocs\backsign\Application\Home\Controller\LoginController.class.php 第 7 行.
SQL: select * from sign_user where user_phone='ffh' or user_id='ffh' [ RunTime:0.0468s ]

[ 2017-04-17T00:53:26+08:00 ] 192.168.0.103 /backsign/index.php/Home/Login/login
INFO: [ app_init ] --START--
INFO: Run Behavior\BuildLiteBehavior [ RunTime:0.000000s ]
INFO: [ app_init ] --END-- [ RunTime:0.000000s ]
INFO: [ app_begin ] --START--
INFO: Run Behavior\ReadHtmlCacheBehavior [ RunTime:0.015600s ]
INFO: [ app_begin ] --END-- [ RunTime:0.015600s ]
NOTIC: [8] A session had already been started - ignoring session_start() E:\xampp\htdocs\backsign\Application\Home\Controller\LoginController.class.php 第 7 行.
SQL: select * from sign_user where user_phone='ffh' or user_id='ffh' [ RunTime:0.0468s ]

[ 2017-04-17T00:54:49+08:00 ] 192.168.0.103 /backsign/index.php/Home/Login/login
INFO: [ app_init ] --START--
INFO: Run Behavior\BuildLiteBehavior [ RunTime:0.000000s ]
INFO: [ app_init ] --END-- [ RunTime:0.000000s ]
INFO: [ app_begin ] --START--
INFO: Run Behavior\ReadHtmlCacheBehavior [ RunTime:0.000000s ]
INFO: [ app_begin ] --END-- [ RunTime:0.000000s ]
NOTIC: [8] A session had already been started - ignoring session_start() E:\xampp\htdocs\backsign\Application\Home\Controller\LoginController.class.php 第 7 行.
SQL: select * from sign_user where user_phone='hghj' or user_id='hghj' [ RunTime:0.0624s ]

[ 2017-04-17T00:55:09+08:00 ] 192.168.0.103 /backsign/index.php/Home/Login/login
INFO: [ app_init ] --START--
INFO: Run Behavior\BuildLiteBehavior [ RunTime:0.000000s ]
INFO: [ app_init ] --END-- [ RunTime:0.000000s ]
INFO: [ app_begin ] --START--
INFO: Run Behavior\ReadHtmlCacheBehavior [ RunTime:0.000000s ]
INFO: [ app_begin ] --END-- [ RunTime:0.000000s ]
NOTIC: [8] A session had already been started - ignoring session_start() E:\xampp\htdocs\backsign\Application\Home\Controller\LoginController.class.php 第 7 行.
SQL: select * from sign_user where user_phone='hghj' or user_id='hghj' [ RunTime:0.0624s ]

[ 2017-04-17T00:56:00+08:00 ] 192.168.0.103 /backsign/index.php/Home/Login/login
INFO: [ app_init ] --START--
INFO: Run Behavior\BuildLiteBehavior [ RunTime:0.000000s ]
INFO: [ app_init ] --END-- [ RunTime:0.000000s ]
INFO: [ app_begin ] --START--
INFO: Run Behavior\ReadHtmlCacheBehavior [ RunTime:0.000000s ]
INFO: [ app_begin ] --END-- [ RunTime:0.000000s ]
NOTIC: [8] A session had already been started - ignoring session_start() E:\xampp\htdocs\backsign\Application\Home\Controller\LoginController.class.php 第 7 行.
SQL: select * from sign_user where user_phone='' or user_id='' [ RunTime:0.0624s ]

[ 2017-04-17T00:56:07+08:00 ] 192.168.0.103 /backsign/index.php/Home/Login/login
INFO: [ app_init ] --START--
INFO: Run Behavior\BuildLiteBehavior [ RunTime:0.000000s ]
INFO: [ app_init ] --END-- [ RunTime:0.015600s ]
INFO: [ app_begin ] --START--
INFO: Run Behavior\ReadHtmlCacheBehavior [ RunTime:0.000000s ]
INFO: [ app_begin ] --END-- [ RunTime:0.000000s ]
NOTIC: [8] A session had already been started - ignoring session_start() E:\xampp\htdocs\backsign\Application\Home\Controller\LoginController.class.php 第 7 行.
SQL: select * from sign_user where user_phone='' or user_id='' [ RunTime:0.0468s ]

[ 2017-04-17T00:56:37+08:00 ] 192.168.0.103 /backsign/index.php/Home/Login/login
INFO: [ app_init ] --START--
INFO: Run Behavior\BuildLiteBehavior [ RunTime:0.000000s ]
INFO: [ app_init ] --END-- [ RunTime:0.000000s ]
INFO: [ app_begin ] --START--
INFO: Run Behavior\ReadHtmlCacheBehavior [ RunTime:0.000000s ]
INFO: [ app_begin ] --END-- [ RunTime:0.000000s ]
NOTIC: [8] A session had already been started - ignoring session_start() E:\xampp\htdocs\backsign\Application\Home\Controller\LoginController.class.php 第 7 行.
SQL: select * from sign_user where user_phone='3120130905123' or user_id='3120130905123' [ RunTime:0.0468s ]

[ 2017-04-17T00:56:50+08:00 ] 192.168.0.103 /backsign/index.php/Home/Login/login
INFO: [ app_init ] --START--
INFO: Run Behavior\BuildLiteBehavior [ RunTime:0.000000s ]
INFO: [ app_init ] --END-- [ RunTime:0.000000s ]
INFO: [ app_begin ] --START--
INFO: Run Behavior\ReadHtmlCacheBehavior [ RunTime:0.000000s ]
INFO: [ app_begin ] --END-- [ RunTime:0.000000s ]
NOTIC: [8] A session had already been started - ignoring session_start() E:\xampp\htdocs\backsign\Application\Home\Controller\LoginController.class.php 第 7 行.
SQL: select * from sign_user where user_phone='3120130905123' or user_id='3120130905123' [ RunTime:0.0468s ]

[ 2017-04-17T00:56:50+08:00 ] 192.168.0.103 /backsign/index.php/Home/Login/login
INFO: [ app_init ] --START--
INFO: Run Behavior\BuildLiteBehavior [ RunTime:0.000000s ]
INFO: [ app_init ] --END-- [ RunTime:0.000000s ]
INFO: [ app_begin ] --START--
INFO: Run Behavior\ReadHtmlCacheBehavior [ RunTime:0.000000s ]
INFO: [ app_begin ] --END-- [ RunTime:0.000000s ]
NOTIC: [8] A session had already been started - ignoring session_start() E:\xampp\htdocs\backsign\Application\Home\Controller\LoginController.class.php 第 7 行.
SQL: select * from sign_user where user_phone='3120130905123' or user_id='3120130905123' [ RunTime:0.0570s ]

[ 2017-04-17T00:56:50+08:00 ] 192.168.0.103 /backsign/index.php/Home/Login/login
INFO: [ app_init ] --START--
INFO: Run Behavior\BuildLiteBehavior [ RunTime:0.000000s ]
INFO: [ app_init ] --END-- [ RunTime:0.001000s ]
INFO: [ app_begin ] --START--
INFO: Run Behavior\ReadHtmlCacheBehavior [ RunTime:0.004000s ]
INFO: [ app_begin ] --END-- [ RunTime:0.004000s ]
NOTIC: [8] A session had already been started - ignoring session_start() E:\xampp\htdocs\backsign\Application\Home\Controller\LoginController.class.php 第 7 行.
SQL: select * from sign_user where user_phone='3120130905123' or user_id='3120130905123' [ RunTime:0.0470s ]

[ 2017-04-17T00:56:51+08:00 ] 192.168.0.103 /backsign/index.php/Home/Login/login
INFO: [ app_init ] --START--
INFO: Run Behavior\BuildLiteBehavior [ RunTime:0.000000s ]
INFO: [ app_init ] --END-- [ RunTime:0.001000s ]
INFO: [ app_begin ] --START--
INFO: Run Behavior\ReadHtmlCacheBehavior [ RunTime:0.002000s ]
INFO: [ app_begin ] --END-- [ RunTime:0.003000s ]
NOTIC: [8] A session had already been started - ignoring session_start() E:\xampp\htdocs\backsign\Application\Home\Controller\LoginController.class.php 第 7 行.
SQL: select * from sign_user where user_phone='3120130905123' or user_id='3120130905123' [ RunTime:0.0486s ]

[ 2017-04-17T00:56:51+08:00 ] 192.168.0.103 /backsign/index.php/Home/Login/login
INFO: [ app_init ] --START--
INFO: Run Behavior\BuildLiteBehavior [ RunTime:0.000000s ]
INFO: [ app_init ] --END-- [ RunTime:0.001000s ]
INFO: [ app_begin ] --START--
INFO: Run Behavior\ReadHtmlCacheBehavior [ RunTime:0.002000s ]
INFO: [ app_begin ] --END-- [ RunTime:0.002000s ]
NOTIC: [8] A session had already been started - ignoring session_start() E:\xampp\htdocs\backsign\Application\Home\Controller\LoginController.class.php 第 7 行.
SQL: select * from sign_user where user_phone='3120130905123' or user_id='3120130905123' [ RunTime:0.0462s ]

[ 2017-04-17T00:56:51+08:00 ] 192.168.0.103 /backsign/index.php/Home/Login/login
INFO: [ app_init ] --START--
INFO: Run Behavior\BuildLiteBehavior [ RunTime:0.000000s ]
INFO: [ app_init ] --END-- [ RunTime:0.002000s ]
INFO: [ app_begin ] --START--
INFO: Run Behavior\ReadHtmlCacheBehavior [ RunTime:0.003000s ]
INFO: [ app_begin ] --END-- [ RunTime:0.003000s ]
NOTIC: [8] A session had already been started - ignoring session_start() E:\xampp\htdocs\backsign\Application\Home\Controller\LoginController.class.php 第 7 行.
SQL: select * from sign_user where user_phone='3120130905123' or user_id='3120130905123' [ RunTime:0.0606s ]

[ 2017-04-17T00:57:02+08:00 ] 192.168.0.103 /backsign/index.php/Home/Login/login
INFO: [ app_init ] --START--
INFO: Run Behavior\BuildLiteBehavior [ RunTime:0.000000s ]
INFO: [ app_init ] --END-- [ RunTime:0.000000s ]
INFO: [ app_begin ] --START--
INFO: Run Behavior\ReadHtmlCacheBehavior [ RunTime:0.000000s ]
INFO: [ app_begin ] --END-- [ RunTime:0.000000s ]
NOTIC: [8] A session had already been started - ignoring session_start() E:\xampp\htdocs\backsign\Application\Home\Controller\LoginController.class.php 第 7 行.
SQL: select * from sign_user where user_phone='3120130905123' or user_id='3120130905123' [ RunTime:0.0468s ]

[ 2017-04-17T00:57:15+08:00 ] 192.168.0.103 /backsign/index.php/Home/Login/login
INFO: [ app_init ] --START--
INFO: Run Behavior\BuildLiteBehavior [ RunTime:0.000000s ]
INFO: [ app_init ] --END-- [ RunTime:0.000000s ]
INFO: [ app_begin ] --START--
INFO: Run Behavior\ReadHtmlCacheBehavior [ RunTime:0.000000s ]
INFO: [ app_begin ] --END-- [ RunTime:0.000000s ]
NOTIC: [8] A session had already been started - ignoring session_start() E:\xampp\htdocs\backsign\Application\Home\Controller\LoginController.class.php 第 7 行.
SQL: select * from sign_user where user_phone='3120130905123' or user_id='3120130905123' [ RunTime:0.0468s ]
SQL: update sign_user set token='1f192efe1beeef1a18272c3a0f1da68d' where user_phone='3120130905123' or user_id='3120130905123' [ RunTime:0.0624s ]

[ 2017-04-17T01:01:36+08:00 ] 192.168.0.103 /backsign/index.php/Home/Login/login
INFO: [ app_init ] --START--
INFO: Run Behavior\BuildLiteBehavior [ RunTime:0.000000s ]
INFO: [ app_init ] --END-- [ RunTime:0.000000s ]
INFO: [ app_begin ] --START--
INFO: Run Behavior\ReadHtmlCacheBehavior [ RunTime:0.000000s ]
INFO: [ app_begin ] --END-- [ RunTime:0.000000s ]
NOTIC: [8] A session had already been started - ignoring session_start() E:\xampp\htdocs\backsign\Application\Home\Controller\LoginController.class.php 第 7 行.
SQL: select * from sign_user where user_phone='' or user_id='' [ RunTime:0.0508s ]

[ 2017-04-17T01:02:59+08:00 ] 192.168.0.103 /backsign/index.php/Home/Login/login
INFO: [ app_init ] --START--
INFO: Run Behavior\BuildLiteBehavior [ RunTime:0.000000s ]
INFO: [ app_init ] --END-- [ RunTime:0.001000s ]
INFO: [ app_begin ] --START--
INFO: Run Behavior\ReadHtmlCacheBehavior [ RunTime:0.002001s ]
INFO: [ app_begin ] --END-- [ RunTime:0.002001s ]
NOTIC: [8] A session had already been started - ignoring session_start() E:\xampp\htdocs\backsign\Application\Home\Controller\LoginController.class.php 第 7 行.
SQL: select * from sign_user where user_phone='' or user_id='' [ RunTime:0.0624s ]

[ 2017-04-17T01:21:42+08:00 ] 192.168.0.103 /backsign/index.php/Home/Login/login
INFO: [ app_init ] --START--
INFO: Run Behavior\BuildLiteBehavior [ RunTime:0.000000s ]
INFO: [ app_init ] --END-- [ RunTime:0.000000s ]
INFO: [ app_begin ] --START--
INFO: Run Behavior\ReadHtmlCacheBehavior [ RunTime:0.000000s ]
INFO: [ app_begin ] --END-- [ RunTime:0.000000s ]
NOTIC: [8] A session had already been started - ignoring session_start() E:\xampp\htdocs\backsign\Application\Home\Controller\LoginController.class.php 第 7 行.
SQL: select * from sign_user where user_phone='3120130905123' or user_id='3120130905123' [ RunTime:0.0624s ]

[ 2017-04-17T01:21:57+08:00 ] 192.168.0.103 /backsign/index.php/Home/Login/login
INFO: [ app_init ] --START--
INFO: Run Behavior\BuildLiteBehavior [ RunTime:0.000000s ]
INFO: [ app_init ] --END-- [ RunTime:0.000000s ]
INFO: [ app_begin ] --START--
INFO: Run Behavior\ReadHtmlCacheBehavior [ RunTime:0.015600s ]
INFO: [ app_begin ] --END-- [ RunTime:0.015600s ]
NOTIC: [8] A session had already been started - ignoring session_start() E:\xampp\htdocs\backsign\Application\Home\Controller\LoginController.class.php 第 7 行.
SQL: select * from sign_user where user_phone='3120130905123' or user_id='3120130905123' [ RunTime:0.0468s ]
SQL: update sign_user set token='1f192efe1beeef1a18272c3a0f1da68d' where user_phone='3120130905123' or user_id='3120130905123' [ RunTime:0.0624s ]

[ 2017-04-17T01:22:19+08:00 ] 192.168.0.103 /backsign/index.php/Home/Login/login
INFO: [ app_init ] --START--
INFO: Run Behavior\BuildLiteBehavior [ RunTime:0.000000s ]
INFO: [ app_init ] --END-- [ RunTime:0.015600s ]
INFO: [ app_begin ] --START--
INFO: Run Behavior\ReadHtmlCacheBehavior [ RunTime:0.002000s ]
INFO: [ app_begin ] --END-- [ RunTime:0.002000s ]
NOTIC: [8] A session had already been started - ignoring session_start() E:\xampp\htdocs\backsign\Application\Home\Controller\LoginController.class.php 第 7 行.
SQL: select * from sign_user where user_phone='3120130905123' or user_id='3120130905123' [ RunTime:0.0390s ]
SQL: update sign_user set token='1f192efe1beeef1a18272c3a0f1da68d' where user_phone='3120130905123' or user_id='3120130905123' [ RunTime:0.0468s ]

[ 2017-04-17T01:22:23+08:00 ] 192.168.0.103 /backsign/index.php/Home/Login/login
INFO: [ app_init ] --START--
INFO: Run Behavior\BuildLiteBehavior [ RunTime:0.000000s ]
INFO: [ app_init ] --END-- [ RunTime:0.015600s ]
INFO: [ app_begin ] --START--
INFO: Run Behavior\ReadHtmlCacheBehavior [ RunTime:0.000000s ]
INFO: [ app_begin ] --END-- [ RunTime:0.000000s ]
NOTIC: [8] A session had already been started - ignoring session_start() E:\xampp\htdocs\backsign\Application\Home\Controller\LoginController.class.php 第 7 行.
SQL: select * from sign_user where user_phone='3120130905123' or user_id='3120130905123' [ RunTime:0.0576s ]
SQL: update sign_user set token='1f192efe1beeef1a18272c3a0f1da68d' where user_phone='3120130905123' or user_id='3120130905123' [ RunTime:0.0520s ]

[ 2017-04-17T01:22:27+08:00 ] 192.168.0.103 /backsign/index.php/Home/Login/login
INFO: [ app_init ] --START--
INFO: Run Behavior\BuildLiteBehavior [ RunTime:0.000000s ]
INFO: [ app_init ] --END-- [ RunTime:0.000000s ]
INFO: [ app_begin ] --START--
INFO: Run Behavior\ReadHtmlCacheBehavior [ RunTime:0.000000s ]
INFO: [ app_begin ] --END-- [ RunTime:0.000000s ]
NOTIC: [8] A session had already been started - ignoring session_start() E:\xampp\htdocs\backsign\Application\Home\Controller\LoginController.class.php 第 7 行.
SQL: select * from sign_user where user_phone='3120130905123' or user_id='3120130905123' [ RunTime:0.0468s ]
SQL: update sign_user set token='1f192efe1beeef1a18272c3a0f1da68d' where user_phone='3120130905123' or user_id='3120130905123' [ RunTime:0.0468s ]

[ 2017-04-17T01:22:41+08:00 ] 192.168.0.103 /backsign/index.php/Home/Login/login
INFO: [ app_init ] --START--
INFO: Run Behavior\BuildLiteBehavior [ RunTime:0.000000s ]
INFO: [ app_init ] --END-- [ RunTime:0.000000s ]
INFO: [ app_begin ] --START--
INFO: Run Behavior\ReadHtmlCacheBehavior [ RunTime:0.000000s ]
INFO: [ app_begin ] --END-- [ RunTime:0.000000s ]
NOTIC: [8] A session had already been started - ignoring session_start() E:\xampp\htdocs\backsign\Application\Home\Controller\LoginController.class.php 第 7 行.
SQL: select * from sign_user where user_phone='3120130905123' or user_id='3120130905123' [ RunTime:0.0468s ]
SQL: update sign_user set token='1f192efe1beeef1a18272c3a0f1da68d' where user_phone='3120130905123' or user_id='3120130905123' [ RunTime:0.0654s ]

[ 2017-04-17T01:22:44+08:00 ] 192.168.0.103 /backsign/index.php/Home/Login/login
INFO: [ app_init ] --START--
INFO: Run Behavior\BuildLiteBehavior [ RunTime:0.000000s ]
INFO: [ app_init ] --END-- [ RunTime:0.000000s ]
INFO: [ app_begin ] --START--
INFO: Run Behavior\ReadHtmlCacheBehavior [ RunTime:0.000000s ]
INFO: [ app_begin ] --END-- [ RunTime:0.000000s ]
NOTIC: [8] A session had already been started - ignoring session_start() E:\xampp\htdocs\backsign\Application\Home\Controller\LoginController.class.php 第 7 行.
SQL: select * from sign_user where user_phone='3120130905123' or user_id='3120130905123' [ RunTime:0.0468s ]
SQL: update sign_user set token='1f192efe1beeef1a18272c3a0f1da68d' where user_phone='3120130905123' or user_id='3120130905123' [ RunTime:0.0586s ]

[ 2017-04-17T01:24:01+08:00 ] 192.168.0.103 /backsign/index.php/Home/Login/login
INFO: [ app_init ] --START--
INFO: Run Behavior\BuildLiteBehavior [ RunTime:0.000000s ]
INFO: [ app_init ] --END-- [ RunTime:0.000000s ]
INFO: [ app_begin ] --START--
INFO: Run Behavior\ReadHtmlCacheBehavior [ RunTime:0.000000s ]
INFO: [ app_begin ] --END-- [ RunTime:0.000000s ]
NOTIC: [8] A session had already been started - ignoring session_start() E:\xampp\htdocs\backsign\Application\Home\Controller\LoginController.class.php 第 7 行.
SQL: select * from sign_user where user_phone='3120130905123' or user_id='3120130905123' [ RunTime:0.0468s ]
SQL: update sign_user set token='1f192efe1beeef1a18272c3a0f1da68d' where user_phone='3120130905123' or user_id='3120130905123' [ RunTime:0.0624s ]

[ 2017-04-17T01:24:22+08:00 ] 192.168.0.103 /backsign/index.php/Home/Login/login
INFO: [ app_init ] --START--
INFO: Run Behavior\BuildLiteBehavior [ RunTime:0.000000s ]
INFO: [ app_init ] --END-- [ RunTime:0.000000s ]
INFO: [ app_begin ] --START--
INFO: Run Behavior\ReadHtmlCacheBehavior [ RunTime:0.000000s ]
INFO: [ app_begin ] --END-- [ RunTime:0.000000s ]
NOTIC: [8] A session had already been started - ignoring session_start() E:\xampp\htdocs\backsign\Application\Home\Controller\LoginController.class.php 第 7 行.
SQL: select * from sign_user where user_phone='3120130905123' or user_id='3120130905123' [ RunTime:0.0624s ]
SQL: update sign_user set token='1f192efe1beeef1a18272c3a0f1da68d' where user_phone='3120130905123' or user_id='3120130905123' [ RunTime:0.0624s ]

[ 2017-04-17T01:24:49+08:00 ] 192.168.0.103 /backsign/index.php/Home/Login/login
INFO: [ app_init ] --START--
INFO: Run Behavior\BuildLiteBehavior [ RunTime:0.000000s ]
INFO: [ app_init ] --END-- [ RunTime:0.000000s ]
INFO: [ app_begin ] --START--
INFO: Run Behavior\ReadHtmlCacheBehavior [ RunTime:0.015600s ]
INFO: [ app_begin ] --END-- [ RunTime:0.015600s ]
NOTIC: [8] A session had already been started - ignoring session_start() E:\xampp\htdocs\backsign\Application\Home\Controller\LoginController.class.php 第 7 行.
SQL: select * from sign_user where user_phone='3120130905123' or user_id='3120130905123' [ RunTime:0.0468s ]
SQL: update sign_user set token='1f192efe1beeef1a18272c3a0f1da68d' where user_phone='3120130905123' or user_id='3120130905123' [ RunTime:0.0624s ]

[ 2017-04-17T01:25:09+08:00 ] 192.168.0.103 /backsign/index.php/Home/Login/login
INFO: [ app_init ] --START--
INFO: Run Behavior\BuildLiteBehavior [ RunTime:0.000000s ]
INFO: [ app_init ] --END-- [ RunTime:0.000000s ]
INFO: [ app_begin ] --START--
INFO: Run Behavior\ReadHtmlCacheBehavior [ RunTime:0.000000s ]
INFO: [ app_begin ] --END-- [ RunTime:0.000000s ]
NOTIC: [8] A session had already been started - ignoring session_start() E:\xampp\htdocs\backsign\Application\Home\Controller\LoginController.class.php 第 7 行.
SQL: select * from sign_user where user_phone='3120130905123' or user_id='3120130905123' [ RunTime:0.0468s ]
SQL: update sign_user set token='1f192efe1beeef1a18272c3a0f1da68d' where user_phone='3120130905123' or user_id='3120130905123' [ RunTime:0.0624s ]

[ 2017-04-17T01:25:39+08:00 ] 192.168.0.103 /backsign/index.php/Home/Login/login
INFO: [ app_init ] --START--
INFO: Run Behavior\BuildLiteBehavior [ RunTime:0.000000s ]
INFO: [ app_init ] --END-- [ RunTime:0.000000s ]
INFO: [ app_begin ] --START--
INFO: Run Behavior\ReadHtmlCacheBehavior [ RunTime:0.000000s ]
INFO: [ app_begin ] --END-- [ RunTime:0.000000s ]
NOTIC: [8] A session had already been started - ignoring session_start() E:\xampp\htdocs\backsign\Application\Home\Controller\LoginController.class.php 第 7 行.
SQL: select * from sign_user where user_phone='312889' or user_id='312889' [ RunTime:0.0468s ]

[ 2017-04-17T01:25:41+08:00 ] 192.168.0.103 /backsign/index.php/Home/Login/login
INFO: [ app_init ] --START--
INFO: Run Behavior\BuildLiteBehavior [ RunTime:0.000000s ]
INFO: [ app_init ] --END-- [ RunTime:0.000000s ]
INFO: [ app_begin ] --START--
INFO: Run Behavior\ReadHtmlCacheBehavior [ RunTime:0.000000s ]
INFO: [ app_begin ] --END-- [ RunTime:0.000000s ]
NOTIC: [8] A session had already been started - ignoring session_start() E:\xampp\htdocs\backsign\Application\Home\Controller\LoginController.class.php 第 7 行.
SQL: select * from sign_user where user_phone='312889' or user_id='312889' [ RunTime:0.0468s ]

[ 2017-04-17T01:25:41+08:00 ] 192.168.0.103 /backsign/index.php/Home/Login/login
INFO: [ app_init ] --START--
INFO: Run Behavior\BuildLiteBehavior [ RunTime:0.000000s ]
INFO: [ app_init ] --END-- [ RunTime:0.000000s ]
INFO: [ app_begin ] --START--
INFO: Run Behavior\ReadHtmlCacheBehavior [ RunTime:0.000000s ]
INFO: [ app_begin ] --END-- [ RunTime:0.000000s ]
NOTIC: [8] A session had already been started - ignoring session_start() E:\xampp\htdocs\backsign\Application\Home\Controller\LoginController.class.php 第 7 行.
SQL: select * from sign_user where user_phone='312889' or user_id='312889' [ RunTime:0.0560s ]

[ 2017-04-17T01:25:42+08:00 ] 192.168.0.103 /backsign/index.php/Home/Login/login
INFO: [ app_init ] --START--
INFO: Run Behavior\BuildLiteBehavior [ RunTime:0.000000s ]
INFO: [ app_init ] --END-- [ RunTime:0.001000s ]
INFO: [ app_begin ] --START--
INFO: Run Behavior\ReadHtmlCacheBehavior [ RunTime:0.002000s ]
INFO: [ app_begin ] --END-- [ RunTime:0.002000s ]
NOTIC: [8] A session had already been started - ignoring session_start() E:\xampp\htdocs\backsign\Application\Home\Controller\LoginController.class.php 第 7 行.
SQL: select * from sign_user where user_phone='312889' or user_id='312889' [ RunTime:0.0542s ]

[ 2017-04-17T01:27:25+08:00 ] 192.168.0.103 /backsign/index.php/Home/Login/login
INFO: [ app_init ] --START--
INFO: Run Behavior\BuildLiteBehavior [ RunTime:0.000000s ]
INFO: [ app_init ] --END-- [ RunTime:0.002000s ]
INFO: [ app_begin ] --START--
INFO: Run Behavior\ReadHtmlCacheBehavior [ RunTime:0.003000s ]
INFO: [ app_begin ] --END-- [ RunTime:0.003000s ]
NOTIC: [8] A session had already been started - ignoring session_start() E:\xampp\htdocs\backsign\Application\Home\Controller\LoginController.class.php 第 7 行.
SQL: select * from sign_user where user_phone='3120130905123' or user_id='3120130905123' [ RunTime:0.0570s ]
SQL: update sign_user set token='1f192efe1beeef1a18272c3a0f1da68d' where user_phone='3120130905123' or user_id='3120130905123' [ RunTime:0.0552s ]

[ 2017-04-17T01:28:56+08:00 ] 192.168.0.103 /backsign/index.php/Home/Login/login
INFO: [ app_init ] --START--
INFO: Run Behavior\BuildLiteBehavior [ RunTime:0.000000s ]
INFO: [ app_init ] --END-- [ RunTime:0.000000s ]
INFO: [ app_begin ] --START--
INFO: Run Behavior\ReadHtmlCacheBehavior [ RunTime:0.000000s ]
INFO: [ app_begin ] --END-- [ RunTime:0.000000s ]
NOTIC: [8] A session had already been started - ignoring session_start() E:\xampp\htdocs\backsign\Application\Home\Controller\LoginController.class.php 第 7 行.
SQL: select * from sign_user where user_phone='3120130905123' or user_id='3120130905123' [ RunTime:0.0624s ]
SQL: update sign_user set token='1f192efe1beeef1a18272c3a0f1da68d' where user_phone='3120130905123' or user_id='3120130905123' [ RunTime:0.0468s ]

[ 2017-04-17T01:29:07+08:00 ] 192.168.0.103 /backsign/index.php/Home/Login/login
INFO: [ app_init ] --START--
INFO: Run Behavior\BuildLiteBehavior [ RunTime:0.000000s ]
INFO: [ app_init ] --END-- [ RunTime:0.000000s ]
INFO: [ app_begin ] --START--
INFO: Run Behavior\ReadHtmlCacheBehavior [ RunTime:0.000000s ]
INFO: [ app_begin ] --END-- [ RunTime:0.000000s ]
NOTIC: [8] A session had already been started - ignoring session_start() E:\xampp\htdocs\backsign\Application\Home\Controller\LoginController.class.php 第 7 行.
SQL: select * from sign_user where user_phone='3120130905123' or user_id='3120130905123' [ RunTime:0.0682s ]
SQL: update sign_user set token='1f192efe1beeef1a18272c3a0f1da68d' where user_phone='3120130905123' or user_id='3120130905123' [ RunTime:0.0570s ]

[ 2017-04-17T01:29:43+08:00 ] 192.168.0.103 /backsign/index.php/Home/Login/login
INFO: [ app_init ] --START--
INFO: Run Behavior\BuildLiteBehavior [ RunTime:0.000000s ]
INFO: [ app_init ] --END-- [ RunTime:0.001000s ]
INFO: [ app_begin ] --START--
INFO: Run Behavior\ReadHtmlCacheBehavior [ RunTime:0.002000s ]
INFO: [ app_begin ] --END-- [ RunTime:0.002000s ]
NOTIC: [8] A session had already been started - ignoring session_start() E:\xampp\htdocs\backsign\Application\Home\Controller\LoginController.class.php 第 7 行.
SQL: select * from sign_user where user_phone='3120130905123' or user_id='3120130905123' [ RunTime:0.0468s ]
SQL: update sign_user set token='1f192efe1beeef1a18272c3a0f1da68d' where user_phone='3120130905123' or user_id='3120130905123' [ RunTime:0.0468s ]

[ 2017-04-17T01:29:59+08:00 ] 127.0.0.1 /backsign/index.php/Home/Login/login
INFO: [ app_init ] --START--
INFO: Run Behavior\BuildLiteBehavior [ RunTime:0.000000s ]
INFO: [ app_init ] --END-- [ RunTime:0.001000s ]
INFO: [ app_begin ] --START--
INFO: Run Behavior\ReadHtmlCacheBehavior [ RunTime:0.002000s ]
INFO: [ app_begin ] --END-- [ RunTime:0.002000s ]
NOTIC: [8] A session had already been started - ignoring session_start() E:\xampp\htdocs\backsign\Application\Home\Controller\LoginController.class.php 第 7 行.
SQL: select * from sign_user where user_phone='456789' or user_id='456789' [ RunTime:0.0560s ]

[ 2017-04-17T01:30:16+08:00 ] 127.0.0.1 /backsign/index.php/Home/Login/login
INFO: [ app_init ] --START--
INFO: Run Behavior\BuildLiteBehavior [ RunTime:0.000000s ]
INFO: [ app_init ] --END-- [ RunTime:0.001000s ]
INFO: [ app_begin ] --START--
INFO: Run Behavior\ReadHtmlCacheBehavior [ RunTime:0.002000s ]
INFO: [ app_begin ] --END-- [ RunTime:0.002000s ]
NOTIC: [8] A session had already been started - ignoring session_start() E:\xampp\htdocs\backsign\Application\Home\Controller\LoginController.class.php 第 7 行.
SQL: select * from sign_user where user_phone='3120130905123' or user_id='3120130905123' [ RunTime:0.0360s ]
SQL: update sign_user set token='1f192efe1beeef1a18272c3a0f1da68d' where user_phone='3120130905123' or user_id='3120130905123' [ RunTime:0.0624s ]

[ 2017-04-17T01:30:39+08:00 ] 192.168.0.103 /backsign/index.php/Home/Login/login
INFO: [ app_init ] --START--
INFO: Run Behavior\BuildLiteBehavior [ RunTime:0.000000s ]
INFO: [ app_init ] --END-- [ RunTime:0.000000s ]
INFO: [ app_begin ] --START--
INFO: Run Behavior\ReadHtmlCacheBehavior [ RunTime:0.000000s ]
INFO: [ app_begin ] --END-- [ RunTime:0.000000s ]
NOTIC: [8] A session had already been started - ignoring session_start() E:\xampp\htdocs\backsign\Application\Home\Controller\LoginController.class.php 第 7 行.
SQL: select * from sign_user where user_phone='3120130905123' or user_id='3120130905123' [ RunTime:0.0624s ]
SQL: update sign_user set token='1f192efe1beeef1a18272c3a0f1da68d' where user_phone='3120130905123' or user_id='3120130905123' [ RunTime:0.0780s ]

[ 2017-04-17T01:31:12+08:00 ] 192.168.0.103 /backsign/index.php/Home/Login/login
INFO: [ app_init ] --START--
INFO: Run Behavior\BuildLiteBehavior [ RunTime:0.000000s ]
INFO: [ app_init ] --END-- [ RunTime:0.000000s ]
INFO: [ app_begin ] --START--
INFO: Run Behavior\ReadHtmlCacheBehavior [ RunTime:0.000000s ]
INFO: [ app_begin ] --END-- [ RunTime:0.000000s ]
NOTIC: [8] A session had already been started - ignoring session_start() E:\xampp\htdocs\backsign\Application\Home\Controller\LoginController.class.php 第 7 行.
SQL: select * from sign_user where user_phone='3120130905123' or user_id='3120130905123' [ RunTime:0.0468s ]
SQL: update sign_user set token='1f192efe1beeef1a18272c3a0f1da68d' where user_phone='3120130905123' or user_id='3120130905123' [ RunTime:0.0624s ]

[ 2017-04-17T01:33:12+08:00 ] 127.0.0.1 /backsign/index.php/Home/Login/login
INFO: [ app_init ] --START--
INFO: Run Behavior\BuildLiteBehavior [ RunTime:0.000000s ]
INFO: [ app_init ] --END-- [ RunTime:0.015600s ]
INFO: [ app_begin ] --START--
INFO: Run Behavior\ReadHtmlCacheBehavior [ RunTime:0.000000s ]
INFO: [ app_begin ] --END-- [ RunTime:0.000000s ]
NOTIC: [8] A session had already been started - ignoring session_start() E:\xampp\htdocs\backsign\Application\Home\Controller\LoginController.class.php 第 7 行.
SQL: select * from sign_user where user_phone='3120130905123' or user_id='3120130905123' [ RunTime:0.0468s ]
SQL: update sign_user set token='1f192efe1beeef1a18272c3a0f1da68d' where user_phone='3120130905123' or user_id='3120130905123' [ RunTime:0.0468s ]

[ 2017-04-17T01:33:17+08:00 ] 127.0.0.1 /backsign/index.php/Home/Login/login
INFO: [ app_init ] --START--
INFO: Run Behavior\BuildLiteBehavior [ RunTime:0.000000s ]
INFO: [ app_init ] --END-- [ RunTime:0.000000s ]
INFO: [ app_begin ] --START--
INFO: Run Behavior\ReadHtmlCacheBehavior [ RunTime:0.000000s ]
INFO: [ app_begin ] --END-- [ RunTime:0.000000s ]
NOTIC: [8] A session had already been started - ignoring session_start() E:\xampp\htdocs\backsign\Application\Home\Controller\LoginController.class.php 第 7 行.
SQL: select * from sign_user where user_phone='3120130905123' or user_id='3120130905123' [ RunTime:0.0578s ]
SQL: update sign_user set token='1f192efe1beeef1a18272c3a0f1da68d' where user_phone='3120130905123' or user_id='3120130905123' [ RunTime:0.0624s ]

[ 2017-04-17T01:34:10+08:00 ] 127.0.0.1 /backsign/index.php/Home/Login/login
INFO: [ app_init ] --START--
INFO: Run Behavior\BuildLiteBehavior [ RunTime:0.000000s ]
INFO: [ app_init ] --END-- [ RunTime:0.000000s ]
INFO: [ app_begin ] --START--
INFO: Run Behavior\ReadHtmlCacheBehavior [ RunTime:0.000000s ]
INFO: [ app_begin ] --END-- [ RunTime:0.000000s ]
NOTIC: [8] A session had already been started - ignoring session_start() E:\xampp\htdocs\backsign\Application\Home\Controller\LoginController.class.php 第 7 行.
SQL: select * from sign_user where user_phone='3120130905123' or user_id='3120130905123' [ RunTime:0.0624s ]
SQL: update sign_user set token='1f192efe1beeef1a18272c3a0f1da68d' where user_phone='3120130905123' or user_id='3120130905123' [ RunTime:0.0624s ]

[ 2017-04-17T01:34:46+08:00 ] 127.0.0.1 /backsign/index.php/Home/Login/login
INFO: [ app_init ] --START--
INFO: Run Behavior\BuildLiteBehavior [ RunTime:0.000000s ]
INFO: [ app_init ] --END-- [ RunTime:0.000000s ]
INFO: [ app_begin ] --START--
INFO: Run Behavior\ReadHtmlCacheBehavior [ RunTime:0.000000s ]
INFO: [ app_begin ] --END-- [ RunTime:0.000000s ]
NOTIC: [8] A session had already been started - ignoring session_start() E:\xampp\htdocs\backsign\Application\Home\Controller\LoginController.class.php 第 7 行.
SQL: select * from sign_user where user_phone='3120130905123' or user_id='3120130905123' [ RunTime:0.0600s ]
SQL: update sign_user set token='1f192efe1beeef1a18272c3a0f1da68d' where user_phone='3120130905123' or user_id='3120130905123' [ RunTime:0.0640s ]

[ 2017-04-17T01:35:06+08:00 ] 127.0.0.1 /backsign/index.php/Home/Login/login
INFO: [ app_init ] --START--
INFO: Run Behavior\BuildLiteBehavior [ RunTime:0.000000s ]
INFO: [ app_init ] --END-- [ RunTime:0.000000s ]
INFO: [ app_begin ] --START--
INFO: Run Behavior\ReadHtmlCacheBehavior [ RunTime:0.000000s ]
INFO: [ app_begin ] --END-- [ RunTime:0.000000s ]
NOTIC: [8] A session had already been started - ignoring session_start() E:\xampp\htdocs\backsign\Application\Home\Controller\LoginController.class.php 第 7 行.
SQL: select * from sign_user where user_phone='3120130905123' or user_id='3120130905123' [ RunTime:0.0500s ]
SQL: update sign_user set token='1f192efe1beeef1a18272c3a0f1da68d' where user_phone='3120130905123' or user_id='3120130905123' [ RunTime:0.0630s ]

[ 2017-04-17T01:35:30+08:00 ] 127.0.0.1 /backsign/index.php/Home/Login/login
INFO: [ app_init ] --START--
INFO: Run Behavior\BuildLiteBehavior [ RunTime:0.000000s ]
INFO: [ app_init ] --END-- [ RunTime:0.000000s ]
INFO: [ app_begin ] --START--
INFO: Run Behavior\ReadHtmlCacheBehavior [ RunTime:0.000000s ]
INFO: [ app_begin ] --END-- [ RunTime:0.000000s ]
NOTIC: [8] A session had already been started - ignoring session_start() E:\xampp\htdocs\backsign\Application\Home\Controller\LoginController.class.php 第 7 行.
SQL: select * from sign_user where user_phone='3120130905123' or user_id='3120130905123' [ RunTime:0.0540s ]
SQL: update sign_user set token='1f192efe1beeef1a18272c3a0f1da68d' where user_phone='3120130905123' or user_id='3120130905123' [ RunTime:0.0568s ]

[ 2017-04-17T01:35:51+08:00 ] 192.168.0.103 /backsign/index.php/Home/Login/login
INFO: [ app_init ] --START--
INFO: Run Behavior\BuildLiteBehavior [ RunTime:0.000000s ]
INFO: [ app_init ] --END-- [ RunTime:0.001000s ]
INFO: [ app_begin ] --START--
INFO: Run Behavior\ReadHtmlCacheBehavior [ RunTime:0.001000s ]
INFO: [ app_begin ] --END-- [ RunTime:0.002000s ]
NOTIC: [8] A session had already been started - ignoring session_start() E:\xampp\htdocs\backsign\Application\Home\Controller\LoginController.class.php 第 7 行.
SQL: select * from sign_user where user_phone='3120130905123' or user_id='3120130905123' [ RunTime:0.0468s ]
SQL: update sign_user set token='1f192efe1beeef1a18272c3a0f1da68d' where user_phone='3120130905123' or user_id='3120130905123' [ RunTime:0.0624s ]

[ 2017-04-17T01:35:53+08:00 ] 127.0.0.1 /backsign/index.php/Home/Login/login
INFO: [ app_init ] --START--
INFO: Run Behavior\BuildLiteBehavior [ RunTime:0.000000s ]
INFO: [ app_init ] --END-- [ RunTime:0.000000s ]
INFO: [ app_begin ] --START--
INFO: Run Behavior\ReadHtmlCacheBehavior [ RunTime:0.000000s ]
INFO: [ app_begin ] --END-- [ RunTime:0.000000s ]

[ 2017-04-17T01:35:55+08:00 ] 192.168.0.103 /backsign/index.php/Home/Login/login
INFO: [ app_init ] --START--
INFO: Run Behavior\BuildLiteBehavior [ RunTime:0.000000s ]
INFO: [ app_init ] --END-- [ RunTime:0.001000s ]
INFO: [ app_begin ] --START--
INFO: Run Behavior\ReadHtmlCacheBehavior [ RunTime:0.003000s ]
INFO: [ app_begin ] --END-- [ RunTime:0.003000s ]

[ 2017-04-17T01:35:59+08:00 ] 192.168.0.103 /backsign/index.php/Home/Login/login
INFO: [ app_init ] --START--
INFO: Run Behavior\BuildLiteBehavior [ RunTime:0.000000s ]
INFO: [ app_init ] --END-- [ RunTime:0.000000s ]
INFO: [ app_begin ] --START--
INFO: Run Behavior\ReadHtmlCacheBehavior [ RunTime:0.000000s ]
INFO: [ app_begin ] --END-- [ RunTime:0.000000s ]

[ 2017-04-17T01:36:13+08:00 ] 127.0.0.1 /backsign/index.php/Home/Login/login
INFO: [ app_init ] --START--
INFO: Run Behavior\BuildLiteBehavior [ RunTime:0.000000s ]
INFO: [ app_init ] --END-- [ RunTime:0.000000s ]
INFO: [ app_begin ] --START--
INFO: Run Behavior\ReadHtmlCacheBehavior [ RunTime:0.000000s ]
INFO: [ app_begin ] --END-- [ RunTime:0.000000s ]
NOTIC: [8] A session had already been started - ignoring session_start() E:\xampp\htdocs\backsign\Application\Home\Controller\LoginController.class.php 第 7 行.
SQL: select * from sign_user where user_phone='3120130905123' or user_id='3120130905123' [ RunTime:0.0540s ]
SQL: update sign_user set token='1f192efe1beeef1a18272c3a0f1da68d' where user_phone='3120130905123' or user_id='3120130905123' [ RunTime:0.0518s ]

[ 2017-04-17T01:36:16+08:00 ] 192.168.0.103 /backsign/index.php/Home/Login/login
INFO: [ app_init ] --START--
INFO: Run Behavior\BuildLiteBehavior [ RunTime:0.000000s ]
INFO: [ app_init ] --END-- [ RunTime:0.001000s ]
INFO: [ app_begin ] --START--
INFO: Run Behavior\ReadHtmlCacheBehavior [ RunTime:0.002000s ]
INFO: [ app_begin ] --END-- [ RunTime:0.002000s ]
NOTIC: [8] A session had already been started - ignoring session_start() E:\xampp\htdocs\backsign\Application\Home\Controller\LoginController.class.php 第 7 行.
SQL: select * from sign_user where user_phone='3120130905123' or user_id='3120130905123' [ RunTime:0.0480s ]
SQL: update sign_user set token='1f192efe1beeef1a18272c3a0f1da68d' where user_phone='3120130905123' or user_id='3120130905123' [ RunTime:0.0550s ]

[ 2017-04-17T01:36:52+08:00 ] 127.0.0.1 /backsign/index.php/Home/Login/login
INFO: [ app_init ] --START--
INFO: Run Behavior\BuildLiteBehavior [ RunTime:0.000000s ]
INFO: [ app_init ] --END-- [ RunTime:0.000000s ]
INFO: [ app_begin ] --START--
INFO: Run Behavior\ReadHtmlCacheBehavior [ RunTime:0.015600s ]
INFO: [ app_begin ] --END-- [ RunTime:0.015600s ]
NOTIC: [8] A session had already been started - ignoring session_start() E:\xampp\htdocs\backsign\Application\Home\Controller\LoginController.class.php 第 7 行.
SQL: select * from sign_user where user_phone='3120130905123' or user_id='3120130905123' [ RunTime:0.0540s ]
SQL: update sign_user set token='1f192efe1beeef1a18272c3a0f1da68d' where user_phone='3120130905123' or user_id='3120130905123' [ RunTime:0.0468s ]

[ 2017-04-17T20:54:24+08:00 ] 192.168.0.101 /backsign/index.php/Home/Login/login
INFO: [ app_init ] --START--
INFO: Run Behavior\BuildLiteBehavior [ RunTime:0.000000s ]
INFO: [ app_init ] --END-- [ RunTime:0.001000s ]
INFO: [ app_begin ] --START--
INFO: Run Behavior\ReadHtmlCacheBehavior [ RunTime:0.014001s ]
INFO: [ app_begin ] --END-- [ RunTime:0.014001s ]
NOTIC: [8] A session had already been started - ignoring session_start() E:\xampp\htdocs\backsign\Application\Home\Controller\LoginController.class.php 第 7 行.
SQL: select * from sign_user where user_phone='3120130905123' or user_id='3120130905123' [ RunTime:0.0550s ]
SQL: update sign_user set token='1f192efe1beeef1a18272c3a0f1da68d' where user_phone='3120130905123' or user_id='3120130905123' [ RunTime:0.0590s ]

[ 2017-04-17T20:54:28+08:00 ] 192.168.0.101 /backsign/index.php/Home/Login/login
INFO: [ app_init ] --START--
INFO: Run Behavior\BuildLiteBehavior [ RunTime:0.000000s ]
INFO: [ app_init ] --END-- [ RunTime:0.001000s ]
INFO: [ app_begin ] --START--
INFO: Run Behavior\ReadHtmlCacheBehavior [ RunTime:0.003000s ]
INFO: [ app_begin ] --END-- [ RunTime:0.003000s ]
NOTIC: [8] A session had already been started - ignoring session_start() E:\xampp\htdocs\backsign\Application\Home\Controller\LoginController.class.php 第 7 行.
SQL: select * from sign_user where user_phone='3120130905123' or user_id='3120130905123' [ RunTime:0.0510s ]
SQL: update sign_user set token='1f192efe1beeef1a18272c3a0f1da68d' where user_phone='3120130905123' or user_id='3120130905123' [ RunTime:0.0510s ]

[ 2017-04-17T20:54:45+08:00 ] 192.168.0.101 /backsign/index.php/Home/Login/login
INFO: [ app_init ] --START--
INFO: Run Behavior\BuildLiteBehavior [ RunTime:0.001000s ]
INFO: [ app_init ] --END-- [ RunTime:0.002000s ]
INFO: [ app_begin ] --START--
INFO: Run Behavior\ReadHtmlCacheBehavior [ RunTime:0.002000s ]
INFO: [ app_begin ] --END-- [ RunTime:0.002000s ]
NOTIC: [8] A session had already been started - ignoring session_start() E:\xampp\htdocs\backsign\Application\Home\Controller\LoginController.class.php 第 7 行.
SQL: select * from sign_user where user_phone='3120130905123' or user_id='3120130905123' [ RunTime:0.0490s ]
SQL: update sign_user set token='1f192efe1beeef1a18272c3a0f1da68d' where user_phone='3120130905123' or user_id='3120130905123' [ RunTime:0.0520s ]

[ 2017-04-17T20:58:20+08:00 ] 192.168.0.101 /backsign/index.php/Home/Login/login
INFO: [ app_init ] --START--
INFO: Run Behavior\BuildLiteBehavior [ RunTime:0.000000s ]
INFO: [ app_init ] --END-- [ RunTime:0.001000s ]
INFO: [ app_begin ] --START--
INFO: Run Behavior\ReadHtmlCacheBehavior [ RunTime:0.003000s ]
INFO: [ app_begin ] --END-- [ RunTime:0.004000s ]
NOTIC: [8] A session had already been started - ignoring session_start() E:\xampp\htdocs\backsign\Application\Home\Controller\LoginController.class.php 第 7 行.
SQL: select * from sign_user where user_phone='3120130905123' or user_id='3120130905123' [ RunTime:0.0520s ]
SQL: update sign_user set token='1f192efe1beeef1a18272c3a0f1da68d' where user_phone='3120130905123' or user_id='3120130905123' [ RunTime:0.0540s ]

[ 2017-04-17T20:59:09+08:00 ] 192.168.0.101 /backsign/index.php/Home/Login/login
INFO: [ app_init ] --START--
INFO: Run Behavior\BuildLiteBehavior [ RunTime:0.000000s ]
INFO: [ app_init ] --END-- [ RunTime:0.001000s ]
INFO: [ app_begin ] --START--
INFO: Run Behavior\ReadHtmlCacheBehavior [ RunTime:0.003000s ]
INFO: [ app_begin ] --END-- [ RunTime:0.003000s ]
NOTIC: [8] A session had already been started - ignoring session_start() E:\xampp\htdocs\backsign\Application\Home\Controller\LoginController.class.php 第 7 行.
SQL: select * from sign_user where user_phone='3120130905123' or user_id='3120130905123' [ RunTime:0.0470s ]
SQL: update sign_user set token='1f192efe1beeef1a18272c3a0f1da68d' where user_phone='3120130905123' or user_id='3120130905123' [ RunTime:0.0490s ]

[ 2017-04-17T20:59:54+08:00 ] 192.168.0.108 /backsign/index.php/Home/Login/login
INFO: [ app_init ] --START--
INFO: Run Behavior\BuildLiteBehavior [ RunTime:0.000000s ]
INFO: [ app_init ] --END-- [ RunTime:0.001000s ]
INFO: [ app_begin ] --START--
INFO: Run Behavior\ReadHtmlCacheBehavior [ RunTime:0.002000s ]
INFO: [ app_begin ] --END-- [ RunTime:0.002000s ]
NOTIC: [8] A session had already been started - ignoring session_start() E:\xampp\htdocs\backsign\Application\Home\Controller\LoginController.class.php 第 7 行.
SQL: select * from sign_user where user_phone='3120130905308' or user_id='3120130905308' [ RunTime:0.0550s ]

[ 2017-04-17T21:01:35+08:00 ] 192.168.0.101 /backsign/index.php/Home/Login/login
INFO: [ app_init ] --START--
INFO: Run Behavior\BuildLiteBehavior [ RunTime:0.000000s ]
INFO: [ app_init ] --END-- [ RunTime:0.001000s ]
INFO: [ app_begin ] --START--
INFO: Run Behavior\ReadHtmlCacheBehavior [ RunTime:0.002000s ]
INFO: [ app_begin ] --END-- [ RunTime:0.002000s ]
NOTIC: [8] A session had already been started - ignoring session_start() E:\xampp\htdocs\backsign\Application\Home\Controller\LoginController.class.php 第 7 行.
SQL: select * from sign_user where user_phone='3120130905123' or user_id='3120130905123' [ RunTime:0.0480s ]
SQL: update sign_user set token='1f192efe1beeef1a18272c3a0f1da68d' where user_phone='3120130905123' or user_id='3120130905123' [ RunTime:0.0540s ]

[ 2017-04-17T21:01:56+08:00 ] 192.168.0.101 /backsign/index.php/Home/Login/login
INFO: [ app_init ] --START--
INFO: Run Behavior\BuildLiteBehavior [ RunTime:0.000000s ]
INFO: [ app_init ] --END-- [ RunTime:0.002000s ]
INFO: [ app_begin ] --START--
INFO: Run Behavior\ReadHtmlCacheBehavior [ RunTime:0.001000s ]
INFO: [ app_begin ] --END-- [ RunTime:0.001000s ]
NOTIC: [8] A session had already been started - ignoring session_start() E:\xampp\htdocs\backsign\Application\Home\Controller\LoginController.class.php 第 7 行.
SQL: select * from sign_user where user_phone='3120130905123' or user_id='3120130905123' [ RunTime:0.0550s ]
SQL: update sign_user set token='1f192efe1beeef1a18272c3a0f1da68d' where user_phone='3120130905123' or user_id='3120130905123' [ RunTime:0.0590s ]

[ 2017-04-17T21:03:01+08:00 ] 192.168.0.101 /backsign/index.php/Home/Login/login
INFO: [ app_init ] --START--
INFO: Run Behavior\BuildLiteBehavior [ RunTime:0.000000s ]
INFO: [ app_init ] --END-- [ RunTime:0.001000s ]
INFO: [ app_begin ] --START--
INFO: Run Behavior\ReadHtmlCacheBehavior [ RunTime:0.001001s ]
INFO: [ app_begin ] --END-- [ RunTime:0.001001s ]
NOTIC: [8] A session had already been started - ignoring session_start() E:\xampp\htdocs\backsign\Application\Home\Controller\LoginController.class.php 第 7 行.
SQL: select * from sign_user where user_phone='古巨基' or user_id='古巨基' [ RunTime:0.0490s ]

[ 2017-04-17T21:03:41+08:00 ] 192.168.0.101 /backsign/index.php/Home/Login/login
INFO: [ app_init ] --START--
INFO: Run Behavior\BuildLiteBehavior [ RunTime:0.000000s ]
INFO: [ app_init ] --END-- [ RunTime:0.002000s ]
INFO: [ app_begin ] --START--
INFO: Run Behavior\ReadHtmlCacheBehavior [ RunTime:0.002000s ]
INFO: [ app_begin ] --END-- [ RunTime:0.002000s ]
NOTIC: [8] A session had already been started - ignoring session_start() E:\xampp\htdocs\backsign\Application\Home\Controller\LoginController.class.php 第 7 行.
SQL: select * from sign_user where user_phone='古巨基' or user_id='古巨基' [ RunTime:0.0570s ]

[ 2017-04-17T21:03:45+08:00 ] 192.168.0.101 /backsign/index.php/Home/Login/login
INFO: [ app_init ] --START--
INFO: Run Behavior\BuildLiteBehavior [ RunTime:0.000000s ]
INFO: [ app_init ] --END-- [ RunTime:0.001000s ]
INFO: [ app_begin ] --START--
INFO: Run Behavior\ReadHtmlCacheBehavior [ RunTime:0.000000s ]
INFO: [ app_begin ] --END-- [ RunTime:0.001000s ]
NOTIC: [8] A session had already been started - ignoring session_start() E:\xampp\htdocs\backsign\Application\Home\Controller\LoginController.class.php 第 7 行.
SQL: select * from sign_user where user_phone='古巨基' or user_id='古巨基' [ RunTime:0.0372s ]

[ 2017-04-17T21:04:01+08:00 ] 192.168.0.101 /backsign/index.php/Home/Login/login
INFO: [ app_init ] --START--
INFO: Run Behavior\BuildLiteBehavior [ RunTime:0.000000s ]
INFO: [ app_init ] --END-- [ RunTime:0.000000s ]
INFO: [ app_begin ] --START--
INFO: Run Behavior\ReadHtmlCacheBehavior [ RunTime:0.000000s ]
INFO: [ app_begin ] --END-- [ RunTime:0.000000s ]
NOTIC: [8] A session had already been started - ignoring session_start() E:\xampp\htdocs\backsign\Application\Home\Controller\LoginController.class.php 第 7 行.
SQL: select * from sign_user where user_phone='古巨基' or user_id='古巨基' [ RunTime:0.0532s ]

[ 2017-04-17T21:05:15+08:00 ] 192.168.0.101 /backsign/index.php/Home/Login/login
INFO: [ app_init ] --START--
INFO: Run Behavior\BuildLiteBehavior [ RunTime:0.000000s ]
INFO: [ app_init ] --END-- [ RunTime:0.001000s ]
INFO: [ app_begin ] --START--
INFO: Run Behavior\ReadHtmlCacheBehavior [ RunTime:0.002000s ]
INFO: [ app_begin ] --END-- [ RunTime:0.002000s ]
NOTIC: [8] A session had already been started - ignoring session_start() E:\xampp\htdocs\backsign\Application\Home\Controller\LoginController.class.php 第 7 行.
SQL: select * from sign_user where user_phone='古巨基' or user_id='古巨基' [ RunTime:0.0510s ]

[ 2017-04-17T21:05:29+08:00 ] 192.168.0.101 /backsign/index.php/Home/Login/login
INFO: [ app_init ] --START--
INFO: Run Behavior\BuildLiteBehavior [ RunTime:0.000000s ]
INFO: [ app_init ] --END-- [ RunTime:0.000000s ]
INFO: [ app_begin ] --START--
INFO: Run Behavior\ReadHtmlCacheBehavior [ RunTime:0.000000s ]
INFO: [ app_begin ] --END-- [ RunTime:0.000000s ]
NOTIC: [8] A session had already been started - ignoring session_start() E:\xampp\htdocs\backsign\Application\Home\Controller\LoginController.class.php 第 7 行.
SQL: select * from sign_user where user_phone='3120130905123' or user_id='3120130905123' [ RunTime:0.0632s ]
SQL: update sign_user set token='1f192efe1beeef1a18272c3a0f1da68d' where user_phone='3120130905123' or user_id='3120130905123' [ RunTime:0.0580s ]

[ 2017-04-17T21:07:40+08:00 ] 192.168.0.101 /backsign/index.php/Home/Login/login
INFO: [ app_init ] --START--
INFO: Run Behavior\BuildLiteBehavior [ RunTime:0.000000s ]
INFO: [ app_init ] --END-- [ RunTime:0.000000s ]
INFO: [ app_begin ] --START--
INFO: Run Behavior\ReadHtmlCacheBehavior [ RunTime:0.000000s ]
INFO: [ app_begin ] --END-- [ RunTime:0.000000s ]
NOTIC: [8] A session had already been started - ignoring session_start() E:\xampp\htdocs\backsign\Application\Home\Controller\LoginController.class.php 第 7 行.
SQL: select * from sign_user where user_phone='3120130905123' or user_id='3120130905123' [ RunTime:0.0568s ]
SQL: update sign_user set token='1f192efe1beeef1a18272c3a0f1da68d' where user_phone='3120130905123' or user_id='3120130905123' [ RunTime:0.0478s ]

[ 2017-04-17T21:08:09+08:00 ] 192.168.0.101 /backsign/index.php/Home/Login/login
INFO: [ app_init ] --START--
INFO: Run Behavior\BuildLiteBehavior [ RunTime:0.000000s ]
INFO: [ app_init ] --END-- [ RunTime:0.001000s ]
INFO: [ app_begin ] --START--
INFO: Run Behavior\ReadHtmlCacheBehavior [ RunTime:0.002000s ]
INFO: [ app_begin ] --END-- [ RunTime:0.002000s ]
NOTIC: [8] A session had already been started - ignoring session_start() E:\xampp\htdocs\backsign\Application\Home\Controller\LoginController.class.php 第 7 行.
SQL: select * from sign_user where user_phone='3120130905123' or user_id='3120130905123' [ RunTime:0.0482s ]
SQL: update sign_user set token='1f192efe1beeef1a18272c3a0f1da68d' where user_phone='3120130905123' or user_id='3120130905123' [ RunTime:0.0624s ]

[ 2017-04-17T21:17:01+08:00 ] 192.168.0.101 /backsign/index.php/Home/Login/login
INFO: [ app_init ] --START--
INFO: Run Behavior\BuildLiteBehavior [ RunTime:0.000000s ]
INFO: [ app_init ] --END-- [ RunTime:0.000000s ]
INFO: [ app_begin ] --START--
INFO: Run Behavior\ReadHtmlCacheBehavior [ RunTime:0.000000s ]
INFO: [ app_begin ] --END-- [ RunTime:0.000000s ]
NOTIC: [8] A session had already been started - ignoring session_start() E:\xampp\htdocs\backsign\Application\Home\Controller\LoginController.class.php 第 7 行.
SQL: select * from sign_user where user_phone='3120130905123' or user_id='3120130905123' [ RunTime:0.0560s ]
SQL: update sign_user set token='1f192efe1beeef1a18272c3a0f1da68d' where user_phone='3120130905123' or user_id='3120130905123' [ RunTime:0.0570s ]

[ 2017-04-17T21:37:57+08:00 ] 192.168.0.101 /backsign/index.php/Home/Login/login
INFO: [ app_init ] --START--
INFO: Run Behavior\BuildLiteBehavior [ RunTime:0.000000s ]
INFO: [ app_init ] --END-- [ RunTime:0.001000s ]
INFO: [ app_begin ] --START--
INFO: Run Behavior\ReadHtmlCacheBehavior [ RunTime:0.002000s ]
INFO: [ app_begin ] --END-- [ RunTime:0.002000s ]
NOTIC: [8] A session had already been started - ignoring session_start() E:\xampp\htdocs\backsign\Application\Home\Controller\LoginController.class.php 第 7 行.
SQL: select * from sign_user where user_phone='3150130905123' or user_id='3150130905123' [ RunTime:0.0490s ]

[ 2017-04-17T21:38:06+08:00 ] 192.168.0.101 /backsign/index.php/Home/Login/login
INFO: [ app_init ] --START--
INFO: Run Behavior\BuildLiteBehavior [ RunTime:0.000000s ]
INFO: [ app_init ] --END-- [ RunTime:0.001000s ]
INFO: [ app_begin ] --START--
INFO: Run Behavior\ReadHtmlCacheBehavior [ RunTime:0.001000s ]
INFO: [ app_begin ] --END-- [ RunTime:0.002000s ]
NOTIC: [8] A session had already been started - ignoring session_start() E:\xampp\htdocs\backsign\Application\Home\Controller\LoginController.class.php 第 7 行.
SQL: select * from sign_user where user_phone='3120130905123' or user_id='3120130905123' [ RunTime:0.0550s ]
SQL: update sign_user set token='1f192efe1beeef1a18272c3a0f1da68d' where user_phone='3120130905123' or user_id='3120130905123' [ RunTime:0.0630s ]

[ 2017-04-17T22:20:51+08:00 ] 192.168.0.101 /backsign/index.php/Home/Login/login
INFO: [ app_init ] --START--
INFO: Run Behavior\BuildLiteBehavior [ RunTime:0.000000s ]
INFO: [ app_init ] --END-- [ RunTime:0.010000s ]
INFO: [ app_begin ] --START--
INFO: Run Behavior\ReadHtmlCacheBehavior [ RunTime:0.030000s ]
INFO: [ app_begin ] --END-- [ RunTime:0.030000s ]
NOTIC: [8] A session had already been started - ignoring session_start() E:\xampp\htdocs\backsign\Application\Home\Controller\LoginController.class.php 第 7 行.
SQL: select * from sign_user where user_phone='3120130605123' or user_id='3120130605123' [ RunTime:0.0500s ]

[ 2017-04-17T22:20:57+08:00 ] 192.168.0.101 /backsign/index.php/Home/Login/login
INFO: [ app_init ] --START--
INFO: Run Behavior\BuildLiteBehavior [ RunTime:0.000000s ]
INFO: [ app_init ] --END-- [ RunTime:0.003000s ]
INFO: [ app_begin ] --START--
INFO: Run Behavior\ReadHtmlCacheBehavior [ RunTime:0.004000s ]
INFO: [ app_begin ] --END-- [ RunTime:0.004000s ]
NOTIC: [8] A session had already been started - ignoring session_start() E:\xampp\htdocs\backsign\Application\Home\Controller\LoginController.class.php 第 7 行.
SQL: select * from sign_user where user_phone='3120130905123' or user_id='3120130905123' [ RunTime:0.0490s ]
SQL: update sign_user set token='1f192efe1beeef1a18272c3a0f1da68d' where user_phone='3120130905123' or user_id='3120130905123' [ RunTime:0.0530s ]

[ 2017-04-17T22:21:00+08:00 ] 192.168.0.101 /backsign/index.php/Home/Login/login
INFO: [ app_init ] --START--
INFO: Run Behavior\BuildLiteBehavior [ RunTime:0.000000s ]
INFO: [ app_init ] --END-- [ RunTime:0.000000s ]
INFO: [ app_begin ] --START--
INFO: Run Behavior\ReadHtmlCacheBehavior [ RunTime:0.010000s ]
INFO: [ app_begin ] --END-- [ RunTime:0.010000s ]
NOTIC: [8] A session had already been started - ignoring session_start() E:\xampp\htdocs\backsign\Application\Home\Controller\LoginController.class.php 第 7 行.
SQL: select * from sign_user where user_phone='3120130905123' or user_id='3120130905123' [ RunTime:0.0510s ]
SQL: update sign_user set token='1f192efe1beeef1a18272c3a0f1da68d' where user_phone='3120130905123' or user_id='3120130905123' [ RunTime:0.0500s ]

[ 2017-04-17T22:21:01+08:00 ] 192.168.0.101 /backsign/index.php/Home/Login/login
INFO: [ app_init ] --START--
INFO: Run Behavior\BuildLiteBehavior [ RunTime:0.001000s ]
INFO: [ app_init ] --END-- [ RunTime:0.004000s ]
INFO: [ app_begin ] --START--
INFO: Run Behavior\ReadHtmlCacheBehavior [ RunTime:0.006000s ]
INFO: [ app_begin ] --END-- [ RunTime:0.006000s ]
NOTIC: [8] A session had already been started - ignoring session_start() E:\xampp\htdocs\backsign\Application\Home\Controller\LoginController.class.php 第 7 行.
SQL: select * from sign_user where user_phone='3120130905123' or user_id='3120130905123' [ RunTime:0.0480s ]
SQL: update sign_user set token='1f192efe1beeef1a18272c3a0f1da68d' where user_phone='3120130905123' or user_id='3120130905123' [ RunTime:0.0530s ]

[ 2017-04-17T22:21:27+08:00 ] 192.168.0.101 /backsign/index.php/Home/Login/login
INFO: [ app_init ] --START--
INFO: Run Behavior\BuildLiteBehavior [ RunTime:0.000000s ]
INFO: [ app_init ] --END-- [ RunTime:0.000000s ]
INFO: [ app_begin ] --START--
INFO: Run Behavior\ReadHtmlCacheBehavior [ RunTime:0.000000s ]
INFO: [ app_begin ] --END-- [ RunTime:0.000000s ]
NOTIC: [8] A session had already been started - ignoring session_start() E:\xampp\htdocs\backsign\Application\Home\Controller\LoginController.class.php 第 7 行.
SQL: select * from sign_user where user_phone='3120130905123' or user_id='3120130905123' [ RunTime:0.0500s ]
SQL: update sign_user set token='1f192efe1beeef1a18272c3a0f1da68d' where user_phone='3120130905123' or user_id='3120130905123' [ RunTime:0.0600s ]

[ 2017-04-17T22:21:32+08:00 ] 192.168.0.101 /backsign/index.php/Home/Login/login
INFO: [ app_init ] --START--
INFO: Run Behavior\BuildLiteBehavior [ RunTime:0.000000s ]
INFO: [ app_init ] --END-- [ RunTime:0.000000s ]
INFO: [ app_begin ] --START--
INFO: Run Behavior\ReadHtmlCacheBehavior [ RunTime:0.000000s ]
INFO: [ app_begin ] --END-- [ RunTime:0.000000s ]
NOTIC: [8] A session had already been started - ignoring session_start() E:\xampp\htdocs\backsign\Application\Home\Controller\LoginController.class.php 第 7 行.
SQL: select * from sign_user where user_phone='3120130905123' or user_id='3120130905123' [ RunTime:0.0490s ]
SQL: update sign_user set token='1f192efe1beeef1a18272c3a0f1da68d' where user_phone='3120130905123' or user_id='3120130905123' [ RunTime:0.0540s ]

[ 2017-04-17T22:21:35+08:00 ] 192.168.0.101 /backsign/index.php/Home/Login/login
INFO: [ app_init ] --START--
INFO: Run Behavior\BuildLiteBehavior [ RunTime:0.000000s ]
INFO: [ app_init ] --END-- [ RunTime:0.000000s ]
INFO: [ app_begin ] --START--
INFO: Run Behavior\ReadHtmlCacheBehavior [ RunTime:0.010000s ]
INFO: [ app_begin ] --END-- [ RunTime:0.010000s ]
NOTIC: [8] A session had already been started - ignoring session_start() E:\xampp\htdocs\backsign\Application\Home\Controller\LoginController.class.php 第 7 行.
SQL: select * from sign_user where user_phone='3120130905123' or user_id='3120130905123' [ RunTime:0.0540s ]
SQL: update sign_user set token='1f192efe1beeef1a18272c3a0f1da68d' where user_phone='3120130905123' or user_id='3120130905123' [ RunTime:0.0500s ]

[ 2017-04-17T22:21:40+08:00 ] 192.168.0.101 /backsign/index.php/Home/Login/login
INFO: [ app_init ] --START--
INFO: Run Behavior\BuildLiteBehavior [ RunTime:0.000000s ]
INFO: [ app_init ] --END-- [ RunTime:0.000000s ]
INFO: [ app_begin ] --START--
INFO: Run Behavior\ReadHtmlCacheBehavior [ RunTime:0.000000s ]
INFO: [ app_begin ] --END-- [ RunTime:0.000000s ]
NOTIC: [8] A session had already been started - ignoring session_start() E:\xampp\htdocs\backsign\Application\Home\Controller\LoginController.class.php 第 7 行.
SQL: select * from sign_user where user_phone='3120130905123' or user_id='3120130905123' [ RunTime:0.0500s ]
SQL: update sign_user set token='1f192efe1beeef1a18272c3a0f1da68d' where user_phone='3120130905123' or user_id='3120130905123' [ RunTime:0.0500s ]

[ 2017-04-17T22:21:49+08:00 ] 192.168.0.101 /backsign/index.php/Home/Login/login
INFO: [ app_init ] --START--
INFO: Run Behavior\BuildLiteBehavior [ RunTime:0.000000s ]
INFO: [ app_init ] --END-- [ RunTime:0.000000s ]
INFO: [ app_begin ] --START--
INFO: Run Behavior\ReadHtmlCacheBehavior [ RunTime:0.000000s ]
INFO: [ app_begin ] --END-- [ RunTime:0.000000s ]
NOTIC: [8] A session had already been started - ignoring session_start() E:\xampp\htdocs\backsign\Application\Home\Controller\LoginController.class.php 第 7 行.
SQL: select * from sign_user where user_phone='3120130905123' or user_id='3120130905123' [ RunTime:0.0500s ]
SQL: update sign_user set token='1f192efe1beeef1a18272c3a0f1da68d' where user_phone='3120130905123' or user_id='3120130905123' [ RunTime:0.0550s ]

[ 2017-04-17T22:22:01+08:00 ] 192.168.0.101 /backsign/index.php/Home/Login/login
INFO: [ app_init ] --START--
INFO: Run Behavior\BuildLiteBehavior [ RunTime:0.000000s ]
INFO: [ app_init ] --END-- [ RunTime:0.002000s ]
INFO: [ app_begin ] --START--
INFO: Run Behavior\ReadHtmlCacheBehavior [ RunTime:0.003001s ]
INFO: [ app_begin ] --END-- [ RunTime:0.003001s ]
NOTIC: [8] A session had already been started - ignoring session_start() E:\xampp\htdocs\backsign\Application\Home\Controller\LoginController.class.php 第 7 行.
SQL: select * from sign_user where user_phone='3120130905123' or user_id='3120130905123' [ RunTime:0.0520s ]
SQL: update sign_user set token='1f192efe1beeef1a18272c3a0f1da68d' where user_phone='3120130905123' or user_id='3120130905123' [ RunTime:0.0560s ]

[ 2017-04-17T22:22:45+08:00 ] 192.168.0.101 /backsign/index.php/Home/Login/login
INFO: [ app_init ] --START--
INFO: Run Behavior\BuildLiteBehavior [ RunTime:0.000000s ]
INFO: [ app_init ] --END-- [ RunTime:0.002000s ]
INFO: [ app_begin ] --START--
INFO: Run Behavior\ReadHtmlCacheBehavior [ RunTime:0.003001s ]
INFO: [ app_begin ] --END-- [ RunTime:0.003001s ]
NOTIC: [8] A session had already been started - ignoring session_start() E:\xampp\htdocs\backsign\Application\Home\Controller\LoginController.class.php 第 7 行.
SQL: select * from sign_user where user_phone='3120130905123' or user_id='3120130905123' [ RunTime:0.0560s ]
SQL: update sign_user set token='1f192efe1beeef1a18272c3a0f1da68d' where user_phone='3120130905123' or user_id='3120130905123' [ RunTime:0.0630s ]

[ 2017-04-17T22:23:10+08:00 ] 192.168.0.101 /backsign/index.php/Home/Login/login
INFO: [ app_init ] --START--
INFO: Run Behavior\BuildLiteBehavior [ RunTime:0.000000s ]
INFO: [ app_init ] --END-- [ RunTime:0.000000s ]
INFO: [ app_begin ] --START--
INFO: Run Behavior\ReadHtmlCacheBehavior [ RunTime:0.000000s ]
INFO: [ app_begin ] --END-- [ RunTime:0.000000s ]
NOTIC: [8] A session had already been started - ignoring session_start() E:\xampp\htdocs\backsign\Application\Home\Controller\LoginController.class.php 第 7 行.
SQL: select * from sign_user where user_phone='3120130905123' or user_id='3120130905123' [ RunTime:0.0450s ]
SQL: update sign_user set token='1f192efe1beeef1a18272c3a0f1da68d' where user_phone='3120130905123' or user_id='3120130905123' [ RunTime:0.0710s ]

[ 2017-04-17T22:25:08+08:00 ] 192.168.0.101 /backsign/index.php/Home/Login/login
INFO: [ app_init ] --START--
INFO: Run Behavior\BuildLiteBehavior [ RunTime:0.000000s ]
INFO: [ app_init ] --END-- [ RunTime:0.000000s ]
INFO: [ app_begin ] --START--
INFO: Run Behavior\ReadHtmlCacheBehavior [ RunTime:0.000000s ]
INFO: [ app_begin ] --END-- [ RunTime:0.000000s ]
NOTIC: [8] A session had already been started - ignoring session_start() E:\xampp\htdocs\backsign\Application\Home\Controller\LoginController.class.php 第 7 行.
SQL: select * from sign_user where user_phone='3120130905123' or user_id='3120130905123' [ RunTime:0.0500s ]
SQL: update sign_user set token='1f192efe1beeef1a18272c3a0f1da68d' where user_phone='3120130905123' or user_id='3120130905123' [ RunTime:0.0600s ]

[ 2017-04-17T22:25:24+08:00 ] 192.168.0.101 /backsign/index.php/Home/Login/login
INFO: [ app_init ] --START--
INFO: Run Behavior\BuildLiteBehavior [ RunTime:0.000000s ]
INFO: [ app_init ] --END-- [ RunTime:0.000000s ]
INFO: [ app_begin ] --START--
INFO: Run Behavior\ReadHtmlCacheBehavior [ RunTime:0.000000s ]
INFO: [ app_begin ] --END-- [ RunTime:0.000000s ]
NOTIC: [8] A session had already been started - ignoring session_start() E:\xampp\htdocs\backsign\Application\Home\Controller\LoginController.class.php 第 7 行.
SQL: select * from sign_user where user_phone='3120130905123' or user_id='3120130905123' [ RunTime:0.0600s ]
SQL: update sign_user set token='1f192efe1beeef1a18272c3a0f1da68d' where user_phone='3120130905123' or user_id='3120130905123' [ RunTime:0.0500s ]

[ 2017-04-17T22:45:47+08:00 ] 192.168.0.101 /backsign/index.php/Home/Login/login
INFO: [ app_init ] --START--
INFO: Run Behavior\BuildLiteBehavior [ RunTime:0.000000s ]
INFO: [ app_init ] --END-- [ RunTime:0.001000s ]
INFO: [ app_begin ] --START--
INFO: Run Behavior\ReadHtmlCacheBehavior [ RunTime:0.004000s ]
INFO: [ app_begin ] --END-- [ RunTime:0.004000s ]
NOTIC: [8] A session had already been started - ignoring session_start() E:\xampp\htdocs\backsign\Application\Home\Controller\LoginController.class.php 第 7 行.
SQL: select * from sign_user where user_phone='3120130905123' or user_id='3120130905123' [ RunTime:0.0480s ]
SQL: update sign_user set token='1f192efe1beeef1a18272c3a0f1da68d' where user_phone='3120130905123' or user_id='3120130905123' [ RunTime:0.0500s ]

[ 2017-04-17T23:00:14+08:00 ] 192.168.0.101 /backsign/index.php/Home/Login/login
INFO: [ app_init ] --START--
INFO: Run Behavior\BuildLiteBehavior [ RunTime:0.000000s ]
INFO: [ app_init ] --END-- [ RunTime:0.001000s ]
INFO: [ app_begin ] --START--
INFO: Run Behavior\ReadHtmlCacheBehavior [ RunTime:0.000000s ]
INFO: [ app_begin ] --END-- [ RunTime:0.000000s ]
NOTIC: [8] A session had already been started - ignoring session_start() E:\xampp\htdocs\backsign\Application\Home\Controller\LoginController.class.php 第 7 行.
SQL: select * from sign_user where user_phone='3120130905123' or user_id='3120130905123' [ RunTime:0.0540s ]
SQL: update sign_user set token='1f192efe1beeef1a18272c3a0f1da68d' where user_phone='3120130905123' or user_id='3120130905123' [ RunTime:0.0500s ]

[ 2017-04-17T23:00:39+08:00 ] 192.168.0.101 /backsign/index.php/Home/Login/login
INFO: [ app_init ] --START--
INFO: Run Behavior\BuildLiteBehavior [ RunTime:0.000000s ]
INFO: [ app_init ] --END-- [ RunTime:0.001000s ]
INFO: [ app_begin ] --START--
INFO: Run Behavior\ReadHtmlCacheBehavior [ RunTime:0.002000s ]
INFO: [ app_begin ] --END-- [ RunTime:0.002000s ]
NOTIC: [8] A session had already been started - ignoring session_start() E:\xampp\htdocs\backsign\Application\Home\Controller\LoginController.class.php 第 7 行.
SQL: select * from sign_user where user_phone='3120130905123' or user_id='3120130905123' [ RunTime:0.0490s ]
SQL: update sign_user set token='1f192efe1beeef1a18272c3a0f1da68d' where user_phone='3120130905123' or user_id='3120130905123' [ RunTime:0.0490s ]

[ 2017-04-17T23:39:42+08:00 ] 192.168.0.101 /backsign/index.php/Home/Login/login
INFO: [ app_init ] --START--
INFO: Run Behavior\BuildLiteBehavior [ RunTime:0.000000s ]
INFO: [ app_init ] --END-- [ RunTime:0.001000s ]
INFO: [ app_begin ] --START--
INFO: Run Behavior\ReadHtmlCacheBehavior [ RunTime:0.003000s ]
INFO: [ app_begin ] --END-- [ RunTime:0.003000s ]
NOTIC: [8] A session had already been started - ignoring session_start() E:\xampp\htdocs\backsign\Application\Home\Controller\LoginController.class.php 第 7 行.
SQL: select * from sign_user where user_phone='31201309051123' or user_id='31201309051123' [ RunTime:0.0550s ]

[ 2017-04-17T23:39:47+08:00 ] 192.168.0.101 /backsign/index.php/Home/Login/login
INFO: [ app_init ] --START--
INFO: Run Behavior\BuildLiteBehavior [ RunTime:0.000000s ]
INFO: [ app_init ] --END-- [ RunTime:0.001000s ]
INFO: [ app_begin ] --START--
INFO: Run Behavior\ReadHtmlCacheBehavior [ RunTime:0.002000s ]
INFO: [ app_begin ] --END-- [ RunTime:0.002000s ]
NOTIC: [8] A session had already been started - ignoring session_start() E:\xampp\htdocs\backsign\Application\Home\Controller\LoginController.class.php 第 7 行.
SQL: select * from sign_user where user_phone='3120130905123' or user_id='3120130905123' [ RunTime:0.0550s ]
SQL: update sign_user set token='1f192efe1beeef1a18272c3a0f1da68d' where user_phone='3120130905123' or user_id='3120130905123' [ RunTime:0.0560s ]

[ 2017-04-17T23:40:27+08:00 ] 192.168.0.101 /backsign/index.php/Home/Login/login
INFO: [ app_init ] --START--
INFO: Run Behavior\BuildLiteBehavior [ RunTime:0.000000s ]
INFO: [ app_init ] --END-- [ RunTime:0.001000s ]
INFO: [ app_begin ] --START--
INFO: Run Behavior\ReadHtmlCacheBehavior [ RunTime:0.002000s ]
INFO: [ app_begin ] --END-- [ RunTime:0.003000s ]
NOTIC: [8] A session had already been started - ignoring session_start() E:\xampp\htdocs\backsign\Application\Home\Controller\LoginController.class.php 第 7 行.
SQL: select * from sign_user where user_phone='3120130905123' or user_id='3120130905123' [ RunTime:0.0540s ]
SQL: update sign_user set token='1f192efe1beeef1a18272c3a0f1da68d' where user_phone='3120130905123' or user_id='3120130905123' [ RunTime:0.0570s ]

[ 2017-04-17T23:42:58+08:00 ] 192.168.0.101 /backsign/index.php/Home/Login/login
INFO: [ app_init ] --START--
INFO: Run Behavior\BuildLiteBehavior [ RunTime:0.000000s ]
INFO: [ app_init ] --END-- [ RunTime:0.001000s ]
INFO: [ app_begin ] --START--
INFO: Run Behavior\ReadHtmlCacheBehavior [ RunTime:0.001000s ]
INFO: [ app_begin ] --END-- [ RunTime:0.002000s ]
NOTIC: [8] A session had already been started - ignoring session_start() E:\xampp\htdocs\backsign\Application\Home\Controller\LoginController.class.php 第 7 行.
SQL: select * from sign_user where user_phone='3120130905123' or user_id='3120130905123' [ RunTime:0.0560s ]
SQL: update sign_user set token='1f192efe1beeef1a18272c3a0f1da68d' where user_phone='3120130905123' or user_id='3120130905123' [ RunTime:0.0690s ]

[ 2017-04-17T23:48:06+08:00 ] 192.168.0.101 /backsign/index.php/Home/Login/login
INFO: [ app_init ] --START--
INFO: Run Behavior\BuildLiteBehavior [ RunTime:0.000000s ]
INFO: [ app_init ] --END-- [ RunTime:0.002000s ]
INFO: [ app_begin ] --START--
INFO: Run Behavior\ReadHtmlCacheBehavior [ RunTime:0.003001s ]
INFO: [ app_begin ] --END-- [ RunTime:0.003001s ]
NOTIC: [8] A session had already been started - ignoring session_start() E:\xampp\htdocs\backsign\Application\Home\Controller\LoginController.class.php 第 7 行.
SQL: select * from sign_user where user_phone='3120130905123' or user_id='3120130905123' [ RunTime:0.0600s ]
SQL: update sign_user set token='1f192efe1beeef1a18272c3a0f1da68d' where user_phone='3120130905123' or user_id='3120130905123' [ RunTime:0.0500s ]

[ 2017-04-17T23:53:47+08:00 ] 192.168.0.101 /backsign/index.php/Home/Login/login
INFO: [ app_init ] --START--
INFO: Run Behavior\BuildLiteBehavior [ RunTime:0.000000s ]
INFO: [ app_init ] --END-- [ RunTime:0.000000s ]
INFO: [ app_begin ] --START--
INFO: Run Behavior\ReadHtmlCacheBehavior [ RunTime:0.000000s ]
INFO: [ app_begin ] --END-- [ RunTime:0.000000s ]
NOTIC: [8] A session had already been started - ignoring session_start() E:\xampp\htdocs\backsign\Application\Home\Controller\LoginController.class.php 第 7 行.
SQL: select * from sign_user where user_phone='3120130905123' or user_id='3120130905123' [ RunTime:0.0500s ]
SQL: update sign_user set token='1f192efe1beeef1a18272c3a0f1da68d' where user_phone='3120130905123' or user_id='3120130905123' [ RunTime:0.0500s ]

[ 2017-04-17T23:57:20+08:00 ] 192.168.0.101 /backsign/index.php/Home/Login/login
INFO: [ app_init ] --START--
INFO: Run Behavior\BuildLiteBehavior [ RunTime:0.000000s ]
INFO: [ app_init ] --END-- [ RunTime:0.000000s ]
INFO: [ app_begin ] --START--
INFO: Run Behavior\ReadHtmlCacheBehavior [ RunTime:0.010000s ]
INFO: [ app_begin ] --END-- [ RunTime:0.010000s ]
NOTIC: [8] A session had already been started - ignoring session_start() E:\xampp\htdocs\backsign\Application\Home\Controller\LoginController.class.php 第 7 行.
SQL: select * from sign_user where user_phone='3120130905123' or user_id='3120130905123' [ RunTime:0.0600s ]
SQL: update sign_user set token='1f192efe1beeef1a18272c3a0f1da68d' where user_phone='3120130905123' or user_id='3120130905123' [ RunTime:0.0600s ]

[ 2017-04-17T23:59:09+08:00 ] 192.168.0.101 /backsign/index.php/Home/Login/login
INFO: [ app_init ] --START--
INFO: Run Behavior\BuildLiteBehavior [ RunTime:0.000000s ]
INFO: [ app_init ] --END-- [ RunTime:0.010000s ]
INFO: [ app_begin ] --START--
INFO: Run Behavior\ReadHtmlCacheBehavior [ RunTime:0.000000s ]
INFO: [ app_begin ] --END-- [ RunTime:0.000000s ]
NOTIC: [8] A session had already been started - ignoring session_start() E:\xampp\htdocs\backsign\Application\Home\Controller\LoginController.class.php 第 7 行.
SQL: select * from sign_user where user_phone='3120130905123' or user_id='3120130905123' [ RunTime:0.0600s ]
SQL: update sign_user set token='1f192efe1beeef1a18272c3a0f1da68d' where user_phone='3120130905123' or user_id='3120130905123' [ RunTime:0.0500s ]

